Release 13.2 - ngc2edif O.61xd (nt64)
Copyright (c) 1995-2011 Xilinx, Inc.  All rights reserved.
Reading design scrod_top_ChpScp.ngc ...
Processing design ...
   Preping design's networks ...
   Preping design's macros ...
WARNING:NetListWriters:306 - Signal bus
   U0/I_NO_D.U_ILA/U_RST/U_HALT_XFER/iDOUT_dly<2 : 0> on block ila_pro_0 is not
   reconstructed, because there are some missing bus signals.
WARNING:NetListWriters:306 - Signal bus
   U0/I_NO_D.U_ILA/U_RST/U_ARM_XFER/iDOUT_dly<4 : 0> on block ila_pro_0 is not
   reconstructed, because there are some missing bus signals.
WARNING:NetListWriters:306 - Signal bus U0/U_ICON/iCORE_ID_SEL<15 : 0> on block
   icon_pro is not reconstructed, because there are some missing bus signals.
WARNING:NetListWriters:306 - Signal bus internal_fifo_wr_din[29 : 0] on block
   SerialDataRout is not reconstructed, because there are some missing bus
   signals.
WARNING:NetListWriters:306 - Signal bus next_state[3]_X_67_o_wide_mux_60_OUT[24
   : 0] on block SerialDataRout is not reconstructed, because there are some
   missing bus signals.
WARNING:NetListWriters:306 - Signal bus v_count_r<15 : 0> on block
   aurora_interface_0_CHANNEL_INIT_SM_NO1 is not reconstructed, because there
   are some missing bus signals.
WARNING:NetListWriters:306 - Signal bus v_count_r<15 : 0> on block
   aurora_interface_0_CHANNEL_INIT_SM is not reconstructed, because there are
   some missing bus signals.
WARNING:NetListWriters:306 - Signal bus rx_pad_d_r[3 : 1] on block
   aurora_interface_0_SYM_DEC_4BYTE_NO1 is not reconstructed, because there are
   some missing bus signals.
WARNING:NetListWriters:306 - Signal bus rx_sp_r[7 : 0] on block
   aurora_interface_0_SYM_DEC_4BYTE_NO1 is not reconstructed, because there are
   some missing bus signals.
WARNING:NetListWriters:306 - Signal bus rx_spa_r[6 : 2] on block
   aurora_interface_0_SYM_DEC_4BYTE_NO1 is not reconstructed, because there are
   some missing bus signals.
WARNING:NetListWriters:306 - Signal bus rx_pad_d_r[3 : 1] on block
   aurora_interface_0_SYM_DEC_4BYTE is not reconstructed, because there are some
   missing bus signals.
WARNING:NetListWriters:306 - Signal bus rx_sp_r[7 : 0] on block
   aurora_interface_0_SYM_DEC_4BYTE is not reconstructed, because there are some
   missing bus signals.
WARNING:NetListWriters:306 - Signal bus rx_spa_r[6 : 2] on block
   aurora_interface_0_SYM_DEC_4BYTE is not reconstructed, because there are some
   missing bus signals.
WARNING:NetListWriters:306 - Signal bus internal_OUTPUT_REGISTERS<15 : 0> on
   block scrod_top is not reconstructed, because there are some missing bus
   signals.
  finished :Prep
Writing EDIF netlist file scrod_top_ChpScp.edif ...
ngc2edif: Total memory usage is 105960 kilobytes

