INFO:sim:172 - Generating IP...
WARNING:sim:100 - The Simulation File Type <Behavioral> is not valid for this
   core. Overriding with File Type <Structural>.
Resolving generics for 'ether2'...
Applying external generics to 'ether2'...
Delivering associated files for 'ether2'...
Delivering EJava files for 'ether2'...
Generating implementation netlist for 'ether2'...
INFO:sim - Pre-processing HDL files for 'ether2'...
WARNING:sim - BlackBox generator run option '-iobuf' found multiple times. Only
   the first occurence is considered.
Running synthesis for 'ether2'
Running ngcbuild...
Writing VHO instantiation template for 'ether2'...
Writing VHDL structural simulation model for 'ether2'...
WARNING:sim - Overwriting existing file
   C:/Users/isar/Documents/code4/TX9UMB-2/ise-project/ipcore_dir/tmp/_cg/ether2/
   doc/pg051-tri-mode-eth-mac.pdf with file from view xilinx_documentation
Delivered 3 files into directory
C:/Users/isar/Documents/code4/TX9UMB-2/ise-project/ipcore_dir/tmp/_cg/ether2
Generating ASY schematic symbol...
INFO:sim:949 - Finished generation of ASY schematic symbol.
Generating SYM schematic symbol for 'ether2'...
Generating metadata file...
Generating ISE project...
XCO file found: ether2.xco
XMDF file found: ether2_xmdf.tcl
Adding
C:/Users/isar/Documents/code4/TX9UMB-2/ise-project/ipcore_dir/tmp/_cg/ether2.asy
-view all -origin_type imported
Adding
C:/Users/isar/Documents/code4/TX9UMB-2/ise-project/ipcore_dir/tmp/_cg/ether2.ngc
-view all -origin_type created
Checking file
"C:/Users/isar/Documents/code4/TX9UMB-2/ise-project/ipcore_dir/tmp/_cg/ether2.ng
c" for project device match ...
File
"C:/Users/isar/Documents/code4/TX9UMB-2/ise-project/ipcore_dir/tmp/_cg/ether2.ng
c" device information matches project device.
Adding
C:/Users/isar/Documents/code4/TX9UMB-2/ise-project/ipcore_dir/tmp/_cg/ether2.sym
-view all -origin_type imported
Adding
C:/Users/isar/Documents/code4/TX9UMB-2/ise-project/ipcore_dir/tmp/_cg/ether2.vhd
-view all -origin_type created
INFO:HDLCompiler:1061 - Parsing VHDL file
   "C:/Users/isar/Documents/code4/TX9UMB-2/ise-project/ipcore_dir/tmp/_cg/ether2
   .vhd" into library work
INFO:ProjectMgmt - Parsing design hierarchy completed successfully.
Adding
C:/Users/isar/Documents/code4/TX9UMB-2/ise-project/ipcore_dir/tmp/_cg/ether2.vho
-view all -origin_type imported
INFO:TclTasksC:2116 - The automatic calculation of top has been turned-off.
   Please set the new top explicitly by running the "project set top" command.
   To re-calculate the new top automatically, set the "Auto Implementation Top"
   property to true.
Top level has been set to "/ether2"
Generating README file...
Generating FLIST file...
INFO:sim:948 - Finished FLIST file generation.
Launching README viewer...
Moving files to output directory...
Finished moving files to output directory
Wrote CGP file for project 'ether2'.
