cd C:\Users\bkunkler\Documents\CEEM\repos\Belle-II\firmware\KLM_SCROD\time_order\sim\
vlib tom_10_to_1_lib "./library/tom_10_to_1_lib.lib"
# Warning: Library tom_10_to_1_lib already exists

vcom -work tom_10_to_1_lib .\..\..\tdc\source\tdc_pkg.vhd
# Compile...
# File: ..\..\tdc\source\tdc_pkg.vhd
# Compile Package "tdc_pkg"
# Compile Package Body "tdc_pkg"
# Compile success 0 Errors 0 Warnings  Analysis time :  78.0 [ms]
vcom -work tom_10_to_1_lib .\..\..\tdc\source\tdc_fifo.vhd
# Compile...
# File: ..\..\tdc\source\tdc_fifo.vhd
# Compile Entity "tdc_fifo"
# Compile Architecture "behave" of Entity "tdc_fifo"
# Compile success 0 Errors 0 Warnings  Analysis time :  62.0 [ms]
vcom -work tom_10_to_1_lib .\..\..\tdc\source\tdc_channel.vhd
# Compile...
# File: ..\..\tdc\source\tdc_channel.vhd
# Compile Entity "tdc_channel"
# Compile Architecture "behave" of Entity "tdc_channel"
# Compile success 0 Errors 0 Warnings  Analysis time :  0.2 [s]
vcom -work tom_10_to_1_lib .\..\source\time_order_pkg.vhd
# Compile...
# File: ..\source\time_order_pkg.vhd
# Compile Package "time_order_pkg"
# Compile Package Body "time_order_pkg"
# Compile success 0 Errors 0 Warnings  Analysis time :  63.0 [ms]
vcom -work tom_10_to_1_lib .\..\source\tom_2_to_1.vhd
# Compile...
# File: ..\source\tom_2_to_1.vhd
# Compile Entity "tom_2_to_1"
# Compile Architecture "behave" of Entity "tom_2_to_1"
# Compile success 0 Errors 0 Warnings  Analysis time :  62.0 [ms]
vcom -work tom_10_to_1_lib .\..\source\tom_3_to_1.vhd
# Compile...
# File: ..\source\tom_3_to_1.vhd
# Compile Entity "tom_3_to_1"
# Compile Architecture "behave" of Entity "tom_3_to_1"
# Compile success 0 Errors 0 Warnings  Analysis time :  63.0 [ms]
vcom -work tom_10_to_1_lib .\..\source\tom_4_to_1.vhd
# Compile...
# File: ..\source\tom_4_to_1.vhd
# Compile Entity "tom_4_to_1"
# Compile Architecture "behave" of Entity "tom_4_to_1"
# Compile success 0 Errors 0 Warnings  Analysis time :  63.0 [ms]
vcom -work tom_10_to_1_lib .\..\source\tom_10_to_1.vhd
# Compile...
# File: ..\source\tom_10_to_1.vhd
# Compile Entity "tom_10_to_1"
# Compile Architecture "behave" of Entity "tom_10_to_1"
# Compile success 0 Errors 0 Warnings  Analysis time :  62.0 [ms]
vcom -work tom_10_to_1_lib .\source\tom_10_to_1_tb.vhd
# Compile...
# File: source\tom_10_to_1_tb.vhd
# Compile Entity "tom_10_to_1_tb"
# Compile Architecture "behave" of Entity "tom_10_to_1_tb"
# Compile success 0 Errors 0 Warnings  Analysis time :  63.0 [ms]

vsim tom_10_to_1_tb
# ELBREAD: Elaboration process.
# ELBREAD: Elaboration time 0.2 [s].
# vsim: Stack memory: 256MB
# vsim: Retval memory: 512MB
# KERNEL: Main thread initiated.
# KERNEL: Kernel process initialization phase.
# KERNEL: Time resolution set to 1ps.
# ELAB2: Elaboration final pass...
# ELAB2: Create instances ...
# ELAB2: Create instances complete.
# ELAB2: Elaboration final pass complete - time: 0.2 [s].
# KERNEL: Kernel process initialization done.
# Allocation: Simulator allocated 6304 kB (elbread=1023 elab2=5179 kernel=101 sdf=0)
# KERNEL: ASDB file was created in location C:\Users\bkunkler\Documents\CEEM\repos\Belle-II\firmware\KLM_SCROD\time_order\sim\project\tom_10_to_1_tb\tom_10_to_1_tb\src\wave.asdb
#  4:57 PM, Thursday, June 05, 2014
#  Simulation has been initialized
#  Selected Top-Level: tom_10_to_1_tb (behave)

transcript off
# #-------------------------------------------------------------
# #-------------------------------------------------------------
# No signals matching
# 
# #-------------------------------------------------------------
# 9 signal(s) traced.
# Waveform file 'untitled.awc' connected to 'C:/Users/bkunkler/Documents/CEEM/repos/Belle-II/firmware/KLM_SCROD/time_order/sim/project/tom_10_to_1_tb/tom_10_to_1_tb/src/wave.asdb'.
# #-------------------------------------------------------------
# 
# #-------------------------------------------------------------
# 23 signal(s) traced.
# #-------------------------------------------------------------
# No signals matching
# No signals matching
# No signals matching
# No signals matching
# No signals matching
# No signals matching
# No signals matching
# No signals matching
# No signals matching
# No signals matching
# No signals matching
# No signals matching
# No signals matching
# No signals matching
# No signals matching
# No signals matching
# No signals matching
# No signals matching
# No signals matching
# No signals matching
# 
# #-------------------------------------------------------------
# #-------------------------------------------------------------
# No signals matching
# No signals matching
# No signals matching
# No signals matching
# No signals matching
# No signals matching
# No signals matching
# No signals matching
# No signals matching
# No signals matching
# No signals matching
# No signals matching
# No signals matching
# No signals matching
# No signals matching
# No signals matching
# No signals matching
# No signals matching
# No signals matching
# No signals matching
# 
# #-------------------------------------------------------------
# #-------------------------------------------------------------
# No signals matching
# No signals matching
# No signals matching
# 
# #-------------------------------------------------------------
# 17 signal(s) traced.
# #-------------------------------------------------------------
# 
# #-------------------------------------------------------------
# 20 signal(s) traced.
# #-------------------------------------------------------------
# #-------------------------------------------------------------
# #-------------------------------------------------------------
# No signals matching
# No signals matching
# No signals matching
# No signals matching
# No signals matching
# No signals matching
# No signals matching
# No signals matching
# No signals matching
# No signals matching
# No signals matching
# No signals matching
# No signals matching
# No signals matching
# No signals matching
# No signals matching
# No signals matching
# 
# #-------------------------------------------------------------
# #-------------------------------------------------------------
# No signals matching
# No signals matching
# No signals matching
# No signals matching
# No signals matching
# No signals matching
# No signals matching
# No signals matching
# No signals matching
# No signals matching
# No signals matching
# No signals matching
# No signals matching
# No signals matching
# No signals matching
# No signals matching
# No signals matching
# 
# #-------------------------------------------

run 1 us;
# KERNEL: stopped at time: 1 us
#  Simulation has been stopped
