# ELBREAD: Elaboration process.
# ELBREAD: Elaboration time 0.1 [s].
cd C:\Users\bkunkler\Documents\CEEM\repos\Belle-II\firmware\KLM_SCROD\conc_intfc\sim
vlib trig_chan_tb_lib "./library/trig_chan_tb_lib"
# Warning: Library trig_chan_tb_lib already exists
# 
# ###########################################################
# #UUT
# ###########################################################
vcom -work trig_chan_tb_lib .\..\source\trig_chan_calc.vhd
# Compile...
# File: ..\source\trig_chan_calc.vhd
# Compile Entity "trig_chan_calc"
# Compile Architecture "behave" of Entity "trig_chan_calc"
# Compile success 0 Errors 0 Warnings  Analysis time :  0.2 [s]
# 
# ###########################################################
# #Models and testbench
# ###########################################################
vcom -work trig_chan_tb_lib .\source\trig_chan_calc_tb.vhd;
# Compile...
# File: source\trig_chan_calc_tb.vhd
# Compile Entity "trig_chan_calc_tb"
# Compile Architecture "behave" of Entity "trig_chan_calc_tb"
# Compile success 0 Errors 0 Warnings  Analysis time :  0.1 [s]

vsim trig_chan_calc_tb -t 1ps -ieee_nowarn
# ELBREAD: Elaboration process.
# ELBREAD: Elaboration time 0.2 [s].
# vsim: Stack memory: 256MB
# vsim: Retval memory: 512MB
# KERNEL: Main thread initiated.
# KERNEL: Kernel process initialization phase.
# KERNEL: Time resolution set to 1ps.
# ELAB2: Elaboration final pass...
# ELAB2: Create instances ...
# ELAB2: Create instances complete.
# ELAB2: Elaboration final pass complete - time: 0.1 [s].
# KERNEL: Kernel process initialization done.
# Allocation: Simulator allocated 9072 kB (elbread=3071 elab2=5892 kernel=109 sdf=0)
# KERNEL: ASDB file was created in location C:\Users\bkunkler\Documents\CEEM\repos\Belle-II\firmware\KLM_SCROD\conc_intfc\sim\project\trig_chan_calc_tb\trig_chan_calc_tb\src\wave.asdb
#  4:40 PM, Wednesday, July 16, 2014
#  Simulation has been initialized
#  Selected Top-Level: trig_chan_calc_tb (behave)
# 
# #-----------------------------------------------------------------------------------------------------------
# #-----------------------------------------------------------------------------------------------------------
# #-----------------------------------------------------------------------------------------------------------
# 11 signal(s) traced.
# Waveform file 'untitled.awc' connected to 'C:/Users/bkunkler/Documents/CEEM/repos/Belle-II/firmware/KLM_SCROD/conc_intfc/sim/project/trig_chan_calc_tb/trig_chan_calc_tb/src/wave.asdb'.
# #-----------------------------------------------------------------------------------------------------------
# 15 signal(s) traced.
# KERNEL: stopped at time: 25 us
# Warning: Library trig_chan_tb_lib already exists
# 
# ###########################################################
# #UUT
# ###########################################################
# Compile...
# File: ..\source\trig_chan_calc.vhd
# Compile Entity "trig_chan_calc"
# Compile Architecture "behave" of Entity "trig_chan_calc"
# Compile success 0 Errors 0 Warnings  Analysis time :  0.1 [s]
# 
# ###########################################################
# #Models and testbench
# ###########################################################
# Compile...
# File: source\trig_chan_calc_tb.vhd
# Compile Entity "trig_chan_calc_tb"
# Compile Architecture "behave" of Entity "trig_chan_calc_tb"
# Compile success 0 Errors 0 Warnings  Analysis time :  0.1 [s]
#  Simulation has been stopped
# ELBREAD: Elaboration process.
# ELBREAD: Elaboration time 0.2 [s].
# vsim: Stack memory: 256MB
# vsim: Retval memory: 512MB
# KERNEL: Main thread initiated.
# KERNEL: Kernel process initialization phase.
# KERNEL: Time resolution set to 1ps.
# ELAB2: Elaboration final pass...
# ELAB2: Create instances ...
# ELAB2: Create instances complete.
# ELAB2: Elaboration final pass complete - time: 0.0 [s].
# KERNEL: Kernel process initialization done.
# Allocation: Simulator allocated 9072 kB (elbread=3071 elab2=5892 kernel=109 sdf=0)
# KERNEL: ASDB file was created in location C:\Users\bkunkler\Documents\CEEM\repos\Belle-II\firmware\KLM_SCROD\conc_intfc\sim\project\trig_chan_calc_tb\trig_chan_calc_tb\src\wave.asdb
#  4:42 PM, Wednesday, July 16, 2014
#  Simulation has been initialized
#  Selected Top-Level: trig_chan_calc_tb (behave)
# 
# #-----------------------------------------------------------------------------------------------------------
# #-----------------------------------------------------------------------------------------------------------
# #-----------------------------------------------------------------------------------------------------------
# 11 signal(s) traced.
# Waveform file 'untitled.awc' connected to 'C:/Users/bkunkler/Documents/CEEM/repos/Belle-II/firmware/KLM_SCROD/conc_intfc/sim/project/trig_chan_calc_tb/trig_chan_calc_tb/src/wave.asdb'.
# #-----------------------------------------------------------------------------------------------------------
# 15 signal(s) traced.
# KERNEL: stopped at time: 25 us
#  Simulation has been stopped
