INFO:sim:172 - Generating IP...
Resolving generics for 'txtrig_bram'...
Applying external generics to 'txtrig_bram'...
Delivering associated files for 'txtrig_bram'...
Delivering EJava files for 'txtrig_bram'...
Generating implementation netlist for 'txtrig_bram'...
INFO:sim - Pre-processing HDL files for 'txtrig_bram'...
Running synthesis for 'txtrig_bram'
Running ngcbuild...
Writing VHO instantiation template for 'txtrig_bram'...
Writing VHDL behavioral simulation model for 'txtrig_bram'...
WARNING:sim - Overwriting existing file
   C:/Users/isar/Documents/code4/TX9UMB-3/ise-project/ipcore_dir/tmp/_cg/txtrig_
   bram/doc/blk_mem_gen_v7_3_vinfo.html with file from view xilinx_documentation
Delivered 1 file into directory
C:/Users/isar/Documents/code4/TX9UMB-3/ise-project/ipcore_dir/tmp/_cg/txtrig_bra
m
Generating ASY schematic symbol...
INFO:sim:949 - Finished generation of ASY schematic symbol.
Generating SYM schematic symbol for 'txtrig_bram'...
Generating metadata file...
Generating ISE project file for 'txtrig_bram'...
Generating ISE project...
XCO file found: txtrig_bram.xco
XMDF file found: txtrig_bram_xmdf.tcl
Adding
C:/Users/isar/Documents/code4/TX9UMB-3/ise-project/ipcore_dir/tmp/_cg/txtrig_bra
m.asy -view all -origin_type imported
Adding
C:/Users/isar/Documents/code4/TX9UMB-3/ise-project/ipcore_dir/tmp/_cg/txtrig_bra
m.ngc -view all -origin_type created
Checking file
"C:/Users/isar/Documents/code4/TX9UMB-3/ise-project/ipcore_dir/tmp/_cg/txtrig_br
am.ngc" for project device match ...
File
"C:/Users/isar/Documents/code4/TX9UMB-3/ise-project/ipcore_dir/tmp/_cg/txtrig_br
am.ngc" device information matches project device.
Adding
C:/Users/isar/Documents/code4/TX9UMB-3/ise-project/ipcore_dir/tmp/_cg/txtrig_bra
m.sym -view all -origin_type imported
Adding
C:/Users/isar/Documents/code4/TX9UMB-3/ise-project/ipcore_dir/tmp/_cg/txtrig_bra
m.vhd -view all -origin_type created
INFO:HDLCompiler:1061 - Parsing VHDL file
   "C:/Users/isar/Documents/code4/TX9UMB-3/ise-project/ipcore_dir/tmp/_cg/txtrig
   _bram.vhd" into library work
INFO:ProjectMgmt - Parsing design hierarchy completed successfully.
Adding
C:/Users/isar/Documents/code4/TX9UMB-3/ise-project/ipcore_dir/tmp/_cg/txtrig_bra
m.vho -view all -origin_type imported
INFO:TclTasksC:2116 - The automatic calculation of top has been turned-off.
   Please set the new top explicitly by running the "project set top" command.
   To re-calculate the new top automatically, set the "Auto Implementation Top"
   property to true.
Top level has been set to "/txtrig_bram"
Generating README file...
Generating FLIST file...
INFO:sim:948 - Finished FLIST file generation.
Launching README viewer...
Moving files to output directory...
Finished moving files to output directory
Wrote CGP file for project 'txtrig_bram'.
