Active-HDL 9.2.2499.sp1.36.4586  2014-10-22 11:30:49

Elaboration top modules:
Architecture                  behave(conc_intfc_tb)


----------------------------------------------------------------------------------------------------------------------------------
Entity                             | Architecture | Library        | Info | Compiler Version                | Compilation Options
----------------------------------------------------------------------------------------------------------------------------------
conc_intfc_tb                      | behave       | conc_intfc_lib |      | 9.2.2499.sp1.36.4586  (Windows) | -dbg
b2tt                               | behave       | conc_intfc_lib |      | 9.2.2499.sp1.36.4586  (Windows) | -dbg
daq_stim                           | scint_arch   | conc_intfc_lib |      | 9.2.2499.sp1.36.4586  (Windows) | -dbg
aurora_model                       | behave       | conc_intfc_lib |      | 9.2.2499.sp1.36.4586  (Windows) | -dbg
conc_intfc                         | behave       | conc_intfc_lib |      | 9.2.2499.sp1.36.4586  (Windows) | -dbg
targetx                            | behave       | conc_intfc_lib |      | 9.2.2499.sp1.36.4586  (Windows) | -dbg
tdc                                | behave       | conc_intfc_lib |      | 9.2.2499.sp1.36.4586  (Windows) | -dbg
time_order                         | behave       | conc_intfc_lib |      | 9.2.2499.sp1.36.4586  (Windows) | -dbg
trig_chan_calc                     | behave       | conc_intfc_lib |      | 9.2.2499.sp1.36.4586  (Windows) | -dbg
trig_fifo                          | trig_fifo_a  | conc_intfc_lib |      | 9.2.2499.sp1.36.4586  (Windows) | -dbg
daq_fifo                           | daq_fifo_a   | conc_intfc_lib |      | 9.2.2499.sp1.36.4586  (Windows) | -dbg
tdc_channel                        | behave       | conc_intfc_lib |      | 9.2.2499.sp1.36.4586  (Windows) | -dbg
tdc_fifo                           | fwft_arch0   | conc_intfc_lib |      | 9.2.2499.sp1.36.4586  (Windows) | -dbg
fdce                               | fdce_v       | unisim         |      | 9.2.2499.sp1.36.4586  (Windows) | -vendor xilinx
fdse                               | fdse_v       | unisim         |      | 9.2.2499.sp1.36.4586  (Windows) | -vendor xilinx
tom_10_to_1                        | behave       | conc_intfc_lib |      | 9.2.2499.sp1.36.4586  (Windows) | -dbg
tom_3_to_1                         | behave       | conc_intfc_lib |      | 9.2.2499.sp1.36.4586  (Windows) | -dbg
tom_4_to_1                         | behave       | conc_intfc_lib |      | 9.2.2499.sp1.36.4586  (Windows) | -dbg
tom_2_to_1                         | behave       | conc_intfc_lib |      | 9.2.2499.sp1.36.4586  (Windows) | -dbg
dsp48a1                            | dsp48a1_v    | unisim         |      | 9.2.2499.sp1.36.4586  (Windows) | -vendor xilinx
fifo_generator_v9_3                | behavioral   | xilinxcorelib  |      | 9.2.2499.sp1.36.4586  (Windows) | -vendor xilinx
fifo_generator_v9_3_conv           | behavioral   | xilinxcorelib  |      | 9.2.2499.sp1.36.4586  (Windows) | -vendor xilinx
fifo_generator_v9_3_bhv_ss         | behavioral   | xilinxcorelib  |      | 9.2.2499.sp1.36.4586  (Windows) | -vendor xilinx
fifo_generator_v9_3_bhv_as         | behavioral   | xilinxcorelib  |      | 9.2.2499.sp1.36.4586  (Windows) | -vendor xilinx
fifo_generator_v9_3_bhv_preload0   | behavioral   | xilinxcorelib  |      | 9.2.2499.sp1.36.4586  (Windows) | -vendor xilinx
fifo_generator_v9_3_axic_reg_slice | xilinx       | xilinxcorelib  |      | 9.2.2499.sp1.36.4586  (Windows) | -vendor xilinx
----------------------------------------------------------------------------------------------------------------------------------

----------------------------------------------------------------------------------------------------------------------------------
VHDL Package                                      | Library        | Info | Compiler Version                | Compilation Options
----------------------------------------------------------------------------------------------------------------------------------
standard                                          | std            |      |                                 | <unavailable>
TEXTIO                                            | std            |      | 9.2.2499.sp1.36.4586  (Windows) |  -2008
std_logic_1164                                    | ieee           |      | 9.2.2499.sp1.36.4586  (Windows) |  -2008
MATH_REAL                                         | ieee           |      | 9.2.2499.sp1.36.4586  (Windows) | 
NUMERIC_STD                                       | ieee           |      | 9.2.2499.sp1.36.4586  (Windows) |  -2008
conc_intfc_pkg                                    | conc_intfc_lib |      | 9.2.2499.sp1.36.4586  (Windows) | -dbg
std_logic_arith                                   | ieee           |      | 9.2.2499.sp1.36.4586  (Windows) | 
STD_LOGIC_TEXTIO                                  | ieee           |      | 9.2.2499.sp1.36.4586  (Windows) | 
time_order_pkg                                    | conc_intfc_lib |      | 9.2.2499.sp1.36.4586  (Windows) | -dbg
std_logic_misc                                    | ieee           |      | 9.2.2499.sp1.36.4586  (Windows) |  -2008
STD_LOGIC_UNSIGNED                                | ieee           |      | 9.2.2499.sp1.36.4586  (Windows) | 
VCOMPONENTS                                       | unisim         |      | 9.2.2499.sp1.36.4586  (Windows) | -vendor xilinx
tdc_pkg                                           | conc_intfc_lib |      | 9.2.2499.sp1.36.4586  (Windows) | -dbg
STD_LOGIC_SIGNED                                  | ieee           |      | 9.2.2499.sp1.36.4586  (Windows) | 
VITAL_Timing                                      | ieee           |      | 9.2.2499.sp1.36.4586  (Windows) | 
VITAL_Primitives                                  | ieee           |      | 9.2.2499.sp1.36.4586  (Windows) | 
VPKG                                              | unisim         |      | 9.2.2499.sp1.36.4586  (Windows) | -vendor xilinx
----------------------------------------------------------------------------------------------------------------------------------

----------------------------------------------------------------------------------------------------------------------------------
Library                                           | Comment
----------------------------------------------------------------------------------------------------------------------------------
conc_intfc_lib                                    | None
ieee                                              | Standard IEEE packages library
std                                               | Standard VHDL library
unisim                                            | XILINX ISE 14.6, UNISIM VHDL LIBRARY
xilinxcorelib                                     | XILINX ISE 14.6, XILINXCORELIB VHDL LIBRARY
----------------------------------------------------------------------------------------------------------------------------------


Simulation Options: vsim conc_intfc_tb -t 1ps -ieee_nowarn


The performance of simulation is reduced. Version PE
