# ELBREAD: Elaboration process.
# ELBREAD: Elaboration time 0.6 [s].
# ###########################################################
# #FTSW
# ###########################################################
# Warning: Library ft2u_lib already exists
# Compile...
# File: ..\..\..\integration\det_intfc\ft2u\ft2u\tt_types.vhd
# Compile Package "tt_types"
# Compile success 0 Errors 0 Warnings  Analysis time :  16.0 [ms]
# Compile...
# File: ..\..\..\integration\det_intfc\ft2u\ft2u\b2tt_ddr_v5.vhd
# Compile Entity "b2tt_iddr"
# Compile Architecture "implementation" of Entity "b2tt_iddr"
# Compile Entity "b2tt_oddr"
# Compile Architecture "implementation" of Entity "b2tt_oddr"
# Compile success 0 Errors 0 Warnings  Analysis time :  0.3 [s]
# Compile...
# File: ..\..\..\integration\det_intfc\ft2u\ft2u\tt_utime.vhd
# Compile Entity "tt_utime"
# Compile Architecture "implementation" of Entity "tt_utime"
# Compile success 0 Errors 0 Warnings  Analysis time :  63.0 [ms]
# Compile...
# File: ..\..\..\integration\det_intfc\ft2u\ft2u\b2tt_8b10b.vhd
# Compile Entity "b2tt_en8b10b"
# Compile Architecture "implementation" of Entity "b2tt_en8b10b"
# Compile Entity "b2tt_de8b10b"
# Compile Architecture "implementation" of Entity "b2tt_de8b10b"
# Compile success 0 Errors 0 Warnings  Analysis time :  0.1 [s]
# Compile...
# File: ..\..\..\integration\det_intfc\ft2u\ft2u\b2tt_symbols.vhd
# Compile Package "b2tt_symbols"
# Compile success 0 Errors 0 Warnings  Analysis time :  47.0 [ms]
# Compile...
# File: ..\..\..\integration\det_intfc\ft2u\ft2u\x_decode.vhd
# Compile Entity "x_decode"
# Compile Architecture "implementation" of Entity "x_decode"
# Compile success 0 Errors 0 Warnings  Analysis time :  0.2 [s]
# Compile...
# File: ..\..\..\integration\det_intfc\ft2u\ft2u\x_encode.vhd
# Compile Entity "x_encode"
# Compile Architecture "implementation" of Entity "x_encode"
# Compile success 0 Errors 0 Warnings  Analysis time :  0.2 [s]
# Compile...
# File: ..\..\..\integration\det_intfc\ft2u\ft2u\m_fifo.vhd
# Compile Entity "m_fifo"
# Compile Architecture "implementation" of Entity "m_fifo"
# Compile success 0 Errors 0 Warnings  Analysis time :  0.2 [s]
# Compile...
# File: ..\..\..\integration\det_intfc\ft2u\ft2u\m_count.vhd
# Compile Entity "m_cntdead"
# Compile Architecture "implementation" of Entity "m_cntdead"
# Compile Entity "m_count"
# Compile Architecture "implementation" of Entity "m_count"
# Compile success 0 Errors 0 Warnings  Analysis time :  0.1 [s]
# Compile...
# File: ..\..\..\integration\det_intfc\ft2u\ft2u\m_decode.vhd
# Compile Entity "m_decomma"
# Compile Architecture "implementation" of Entity "m_decomma"
# Compile Entity "m_debit2"
# Compile Architecture "implementation" of Entity "m_debit2"
# Compile Entity "m_debit10"
# Compile Architecture "implementation" of Entity "m_debit10"
# Compile Entity "m_debusy"
# Compile Architecture "implementation" of Entity "m_debusy"
# Compile Entity "m_deoctet"
# Compile Architecture "implementation" of Entity "m_deoctet"
# Compile Entity "m_depacket"
# Compile Architecture "implementation" of Entity "m_depacket"
# Compile Entity "m_decode"
# Compile Architecture "implementation" of Entity "m_decode"
# Compile success 0 Errors 0 Warnings  Analysis time :  0.3 [s]
# Compile...
# File: ..\..\..\integration\det_intfc\ft2u\ft2u\m_dumtrig.vhd
# Compile Entity "m_dumtrig"
# Compile Architecture "behavior" of Entity "m_dumtrig"
# Compile success 0 Errors 0 Warnings  Analysis time :  0.2 [s]
# Compile...
# File: ..\..\..\integration\det_intfc\ft2u\ft2u\m_encode.vhd
# Compile Entity "m_en2bit"
# Compile Architecture "implementation" of Entity "m_en2bit"
# Compile Entity "m_enoctet"
# Compile Architecture "implementation" of Entity "m_enoctet"
# Compile Entity "m_enreset"
# Compile Architecture "implementation" of Entity "m_enreset"
# Compile Entity "m_enpacket"
# Compile Architecture "implementation" of Entity "m_enpacket"
# Compile Entity "m_encounter"
# Compile Architecture "implementation" of Entity "m_encounter"
# Compile Entity "m_encode"
# Compile Architecture "implementation" of Entity "m_encode"
# Compile success 0 Errors 0 Warnings  Analysis time :  0.1 [s]
# Compile...
# File: ..\..\..\integration\det_intfc\ft2u\ft2u\m_genbusy.vhd
# Compile Entity "m_genbusy"
# Compile Architecture "implementation" of Entity "m_genbusy"
# Compile success 0 Errors 0 Warnings  Analysis time :  63.0 [ms]
# Compile...
# File: ..\..\..\integration\det_intfc\ft2u\ft2u\m_gentrig.vhd
# Compile Entity "m_gentrig"
# Compile Architecture "behavior" of Entity "m_gentrig"
# Compile success 0 Errors 0 Warnings  Analysis time :  0.2 [s]
# Compile...
# File: ..\..\..\integration\det_intfc\ft2u\ft2u\m_pipeline.vhd
# Compile Entity "m_pipeline"
# Compile Architecture "implementation" of Entity "m_pipeline"
# Compile success 0 Errors 0 Warnings  Analysis time :  0.1 [s]
# Compile...
# File: ..\..\..\integration\det_intfc\ft2u\ft2u\m_trgdelay.vhd
# Compile Entity "m_trgdelay"
# Compile Architecture "implementation" of Entity "m_trgdelay"
# Compile success 0 Errors 0 Warnings  Analysis time :  0.2 [s]
# Compile...
# File: ..\..\..\integration\det_intfc\ft2u\ft2u\m_collect.vhd
# Compile Entity "m_collect"
# Compile Architecture "implementation" of Entity "m_collect"
# Compile success 0 Errors 0 Warnings  Analysis time :  0.2 [s]
# Compile...
# File: ..\..\..\integration\det_intfc\ft2u\ft2u\tt_aux.vhd
# Compile Entity "tt_aux"
# Compile Architecture "implementation" of Entity "tt_aux"
# Compile success 0 Errors 0 Warnings  Analysis time :  0.2 [s]
# Compile...
# File: ..\..\..\integration\det_intfc\ft2u\ft2u\tt_blink.vhd
# Compile Entity "tt_blink"
# Compile Architecture "implementation" of Entity "tt_blink"
# Compile success 0 Errors 0 Warnings  Analysis time :  62.0 [ms]
# Compile...
# File: ..\..\..\integration\det_intfc\ft2u\ft2u\tt_dump.vhd
# Compile Entity "tt_dump"
# Compile Architecture "implementation" of Entity "tt_dump"
# Compile success 0 Errors 0 Warnings  Analysis time :  0.2 [s]
# Compile...
# File: ..\..\..\integration\det_intfc\ft2u\ft2u\tt_ictrl.vhd
# Compile Entity "tt_idelayctrl"
# Compile Architecture "implementation" of Entity "tt_idelayctrl"
# Compile success 0 Errors 0 Warnings  Analysis time :  0.2 [s]
# Compile...
# File: ..\..\..\integration\det_intfc\ft2u\ft2u\tt_ioswitch.vhd
# Compile Entity "tt_ioswitch"
# Compile Architecture "implementation" of Entity "tt_ioswitch"
# Compile success 0 Errors 0 Warnings  Analysis time :  0.2 [s]
# Compile...
# File: ..\..\..\integration\det_intfc\ft2u\ft2u\tt_jitterspi.vhd
# Compile Entity "tt_jitterspi"
# Compile Architecture "implementation" of Entity "tt_jitterspi"
# Compile success 0 Errors 0 Warnings  Analysis time :  0.1 [s]
# Compile...
# File: ..\..\..\integration\det_intfc\ft2u\ft2u\tt_oack.vhd
# Compile Entity "tt_oack"
# Compile Architecture "implementation" of Entity "tt_oack"
# Compile success 0 Errors 0 Warnings  Analysis time :  0.2 [s]
# Compile...
# File: ..\..\..\integration\det_intfc\ft2u\ft2u\tt_oclk.vhd
# Compile Entity "tt_oclk"
# Compile Architecture "implementation" of Entity "tt_oclk"
# Compile success 0 Errors 0 Warnings  Analysis time :  0.1 [s]
# Compile...
# File: ..\..\..\integration\det_intfc\ft2u\ft2u\tt_orsv.vhd
# Compile Entity "tt_orsv"
# Compile Architecture "implementation" of Entity "tt_orsv"
# Compile success 0 Errors 0 Warnings  Analysis time :  0.1 [s]
# Compile...
# File: ..\..\..\integration\det_intfc\ft2u\ft2u\tt_otrg.vhd
# Compile Entity "tt_otrg"
# Compile Architecture "implementation" of Entity "tt_otrg"
# Compile success 0 Errors 0 Warnings  Analysis time :  0.1 [s]
# Compile...
# File: ..\..\..\integration\det_intfc\ft2u\ft2u\tt_phasedet.vhd
# Compile Entity "tt_phasedet"
# Compile Architecture "implementation" of Entity "tt_phasedet"
# Compile success 0 Errors 0 Warnings  Analysis time :  0.2 [s]
# Compile...
# File: ..\..\..\integration\det_intfc\ft2u\ft2u\tt_regs.vhd
# Compile Entity "tt_regs"
# Compile Architecture "implementation" of Entity "tt_regs"
# Compile success 0 Errors 0 Warnings  Analysis time :  0.1 [s]
# Compile...
# File: ..\..\..\integration\det_intfc\ft2u\ft2u\tt_tlu.vhd
# Compile Entity "tt_tlu"
# Compile Architecture "implementation" of Entity "tt_tlu"
# Compile success 0 Errors 0 Warnings  Analysis time :  0.1 [s]
# Compile...
# File: ..\..\..\integration\det_intfc\ft2u\ft2u\ft2u.vhd
# Compile Entity "ft2u"
# Compile Architecture "implementation" of Entity "ft2u"
# Compile success 0 Errors 0 Warnings  Analysis time :  0.2 [s]
# 
# ###########################################################
# #Concentrator Interface
# ###########################################################
# Warning: Library klm_scrod_tb already exists
# ###############################
# #IP Cores
# ###############################
# Compile...
# File: ..\..\ipcore\daq_fifo.vhd
# Compile Entity "daq_fifo"
# Compile Architecture "daq_fifo_a" of Entity "daq_fifo"
# Compile success 0 Errors 0 Warnings  Analysis time :  78.0 [ms]
# Compile...
# File: ..\..\ipcore\trig_fifo.vhd
# Compile Entity "trig_fifo"
# Compile Architecture "trig_fifo_a" of Entity "trig_fifo"
# Compile success 0 Errors 0 Warnings  Analysis time :  15.0 [ms]
# ###############################
# #TDC Files
# ###############################
# Compile...
# File: ..\..\tdc\source\tdc_pkg.vhd
# Compile Package "tdc_pkg"
# Compile Package Body "tdc_pkg"
# Compile success 0 Errors 0 Warnings  Analysis time :  94.0 [ms]
# Compile...
# File: ..\..\tdc\source\tdc_fifo.vhd
# Compile Entity "tdc_fifo"
# Compile Architecture "fwft_arch0" of Entity "tdc_fifo"
# Compile Architecture "fwft_arch1" of Entity "tdc_fifo"
# Compile Architecture "fwft_arch2" of Entity "tdc_fifo"
# Compile Architecture "std_arch" of Entity "tdc_fifo"
# Compile success 0 Errors 0 Warnings  Analysis time :  0.1 [s]
# Compile...
# File: ..\..\tdc\source\tdc_channel.vhd
# Compile Entity "tdc_channel"
# Compile Architecture "behave" of Entity "tdc_channel"
# Compile success 0 Errors 0 Warnings  Analysis time :  0.2 [s]
# Compile...
# File: ..\..\tdc\source\tdc.vhd
# Compile Entity "tdc"
# Compile Architecture "behave" of Entity "tdc"
# Compile success 0 Errors 0 Warnings  Analysis time :  0.2 [s]
# ###############################
# #Time Order Files
# ###############################
# Compile...
# File: ..\..\time_order\source\time_order_pkg.vhd
# Compile Package "time_order_pkg"
# Compile Package Body "time_order_pkg"
# Compile success 0 Errors 0 Warnings  Analysis time :  78.0 [ms]
# Compile...
# File: ..\..\time_order\source\tom_2_to_1.vhd
# Compile Entity "tom_2_to_1"
# Compile Architecture "behave" of Entity "tom_2_to_1"
# Compile success 0 Errors 0 Warnings  Analysis time :  62.0 [ms]
# Compile...
# File: ..\..\time_order\source\tom_3_to_1.vhd
# Compile Entity "tom_3_to_1"
# Compile Architecture "behave" of Entity "tom_3_to_1"
# Compile success 0 Errors 0 Warnings  Analysis time :  78.0 [ms]
# Compile...
# File: ..\..\time_order\source\tom_4_to_1.vhd
# Compile Entity "tom_4_to_1"
# Compile Architecture "behave" of Entity "tom_4_to_1"
# Compile success 0 Errors 0 Warnings  Analysis time :  63.0 [ms]
# Compile...
# File: ..\..\time_order\source\tom_10_to_1.vhd
# Compile Entity "tom_10_to_1"
# Compile Architecture "behave" of Entity "tom_10_to_1"
# Compile success 0 Errors 0 Warnings  Analysis time :  62.0 [ms]
# Compile...
# File: ..\..\time_order\source\time_order.vhd
# Compile Entity "time_order"
# Compile Architecture "behave" of Entity "time_order"
# Compile success 0 Errors 0 Warnings  Analysis time :  63.0 [ms]
# Compile...
# File: ..\..\conc_intfc\source\conc_intfc_pkg.vhd
# Compile Package "conc_intfc_pkg"
# Compile Package Body "conc_intfc_pkg"
# Compile success 0 Errors 0 Warnings  Analysis time :  16.0 [ms]
# Compile...
# File: ..\..\conc_intfc\source\trig_chan_calc.vhd
# Compile Entity "trig_chan_calc"
# Compile Architecture "behave" of Entity "trig_chan_calc"
# Compile success 0 Errors 0 Warnings  Analysis time :  0.2 [s]
# Compile...
# File: ..\..\conc_intfc\source\conc_intfc.vhd
# Compile Entity "conc_intfc"
# Compile Architecture "behave" of Entity "conc_intfc"
# Compile success 0 Errors 0 Warnings  Analysis time :  0.2 [s]
# 
# ###############################
# #Aurora Core
# ###############################
# Compile...
# File: ..\..\klm_aurora\source\aurora_tile.vhd
# Compile Entity "AURORA_TILE"
# Compile Architecture "RTL" of Entity "AURORA_TILE"
# Compile success 0 Errors 0 Warnings  Analysis time :  0.2 [s]
# Compile...
# File: ..\..\klm_aurora\source\transceiver_wrapper.vhd
# Compile Entity "GTP_WRAPPER"
# Compile Architecture "BEHAVIORAL" of Entity "GTP_WRAPPER"
# Compile success 0 Errors 0 Warnings  Analysis time :  0.2 [s]
# Compile...
# File: ..\..\klm_aurora\source\aurora_pkg.vhd
# Compile Package "AURORA_PKG"
# Compile Package Body "AURORA_PKG"
# Compile success 0 Errors 0 Warnings  Analysis time :  63.0 [ms]
# Compile...
# File: ..\..\klm_aurora\source\chbond_count_dec.vhd
# Compile Entity "CHBOND_COUNT_DEC"
# Compile Architecture "RTL" of Entity "CHBOND_COUNT_DEC"
# Compile success 0 Errors 0 Warnings  Analysis time :  46.0 [ms]
# Compile...
# File: ..\..\klm_aurora\source\err_detect.vhd
# Compile Entity "ERR_DETECT"
# Compile Architecture "RTL" of Entity "ERR_DETECT"
# Compile success 0 Errors 0 Warnings  Analysis time :  63.0 [ms]
# Compile...
# File: ..\..\klm_aurora\source\lane_init_sm.vhd
# Compile Entity "LANE_INIT_SM"
# Compile Architecture "RTL" of Entity "LANE_INIT_SM"
# Compile success 0 Errors 0 Warnings  Analysis time :  94.0 [ms]
# Compile...
# File: ..\..\klm_aurora\source\sym_dec.vhd
# Compile Entity "SYM_DEC"
# Compile Architecture "RTL" of Entity "SYM_DEC"
# Compile success 0 Errors 0 Warnings  Analysis time :  0.1 [s]
# Compile...
# File: ..\..\klm_aurora\source\sym_gen.vhd
# Compile Entity "SYM_GEN"
# Compile Architecture "RTL" of Entity "SYM_GEN"
# Compile success 0 Errors 0 Warnings  Analysis time :  94.0 [ms]
# Compile...
# File: ..\..\klm_aurora\source\aurora_lane.vhd
# Compile Entity "AURORA_LANE"
# Compile Architecture "MAPPED" of Entity "AURORA_LANE"
# Compile success 0 Errors 0 Warnings  Analysis time :  93.0 [ms]
# Compile...
# File: ..\..\klm_aurora\source\channel_err_detect.vhd
# Compile Entity "CHANNEL_ERR_DETECT"
# Compile Architecture "RTL" of Entity "CHANNEL_ERR_DETECT"
# Compile success 0 Errors 0 Warnings  Analysis time :  62.0 [ms]
# Compile...
# File: ..\..\klm_aurora\source\channel_init_sm.vhd
# Compile Entity "CHANNEL_INIT_SM"
# Compile Architecture "RTL" of Entity "CHANNEL_INIT_SM"
# Compile success 0 Errors 0 Warnings  Analysis time :  94.0 [ms]
# Compile...
# File: ..\..\klm_aurora\source\idle_and_ver_gen.vhd
# Compile Entity "IDLE_AND_VER_GEN"
# Compile Architecture "RTL" of Entity "IDLE_AND_VER_GEN"
# Compile success 0 Errors 0 Warnings  Analysis time :  78.0 [ms]
# Compile...
# File: ..\..\klm_aurora\source\global_logic.vhd
# Compile Entity "GLOBAL_LOGIC"
# Compile Architecture "MAPPED" of Entity "GLOBAL_LOGIC"
# Compile success 0 Errors 0 Warnings  Analysis time :  62.0 [ms]
# Compile...
# File: ..\..\klm_aurora\source\tx_ll_control.vhd
# Compile Entity "TX_LL_CONTROL"
# Compile Architecture "RTL" of Entity "TX_LL_CONTROL"
# Compile success 0 Errors 0 Warnings  Analysis time :  78.0 [ms]
# Compile...
# File: ..\..\klm_aurora\source\tx_ll_datapath.vhd
# Compile Entity "TX_LL_DATAPATH"
# Compile Architecture "RTL" of Entity "TX_LL_DATAPATH"
# Compile success 0 Errors 0 Warnings  Analysis time :  78.0 [ms]
# Compile...
# File: ..\..\klm_aurora\source\tx_ll.vhd
# Compile Entity "TX_LL"
# Compile Architecture "MAPPED" of Entity "TX_LL"
# Compile success 0 Errors 0 Warnings  Analysis time :  78.0 [ms]
# Compile...
# File: ..\..\klm_aurora\source\rx_ll_pdu_datapath.vhd
# Compile Entity "RX_LL_PDU_DATAPATH"
# Compile Architecture "RTL" of Entity "RX_LL_PDU_DATAPATH"
# Compile success 0 Errors 0 Warnings  Analysis time :  78.0 [ms]
# Compile...
# File: ..\..\klm_aurora\source\rx_ll.vhd
# Compile Entity "RX_LL"
# Compile Architecture "MAPPED" of Entity "RX_LL"
# Compile success 0 Errors 0 Warnings  Analysis time :  62.0 [ms]
# Compile...
# File: ..\..\klm_aurora\source\standard_cc_module.vhd
# Compile Entity "STANDARD_CC_MODULE"
# Compile Architecture "RTL" of Entity "STANDARD_CC_MODULE"
# Compile success 0 Errors 0 Warnings  Analysis time :  62.0 [ms]
# Compile...
# File: ..\..\klm_aurora\source\klm_aurora.vhd
# Compile Entity "klm_aurora"
# Compile Architecture "MAPPED" of Entity "klm_aurora"
# Compile success 0 Errors 0 Warnings  Analysis time :  0.2 [s]
# Compile...
# File: ..\..\klm_aurora\source\klm_aurora_intfc.vhd
# Compile Entity "klm_aurora_intfc"
# Compile Architecture "MAPPED" of Entity "klm_aurora_intfc"
# Compile success 0 Errors 0 Warnings  Analysis time :  63.0 [ms]
# 
# ###############################
# #B2TT
# ###############################
# Compile...
# File: ..\..\b2tt\b2tt\b2tt_symbols.vhd
# Compile Package "b2tt_symbols"
# Compile success 0 Errors 0 Warnings  Analysis time :  16.0 [ms]
# Compile...
# File: ..\..\b2tt\b2tt\b2tt_ddr_s6.vhd
# Compile Entity "b2tt_iddr"
# Compile Architecture "implementation" of Entity "b2tt_iddr"
# Compile Entity "b2tt_oddr"
# Compile Architecture "implementation" of Entity "b2tt_oddr"
# Compile success 0 Errors 0 Warnings  Analysis time :  0.2 [s]
# Compile...
# File: ..\..\b2tt\b2tt\b2tt_clk_s6.vhd
# Compile Entity "b2tt_clk"
# Compile Architecture "implementation" of Entity "b2tt_clk"
# Compile success 0 Errors 0 Warnings  Analysis time :  0.2 [s]
# Compile...
# File: ..\..\b2tt\b2tt\b2tt_fifo_s6.vhd
# Compile Entity "b2tt_fifo"
# Compile Architecture "implementation" of Entity "b2tt_fifo"
# Compile success 0 Errors 0 Warnings  Analysis time :  0.2 [s]
# Compile...
# File: ..\..\b2tt\b2tt\b2tt_8b10b.vhd
# Compile Entity "b2tt_en8b10b"
# Compile Architecture "implementation" of Entity "b2tt_en8b10b"
# Compile Entity "b2tt_de8b10b"
# Compile Architecture "implementation" of Entity "b2tt_de8b10b"
# Compile success 0 Errors 0 Warnings  Analysis time :  78.0 [ms]
# Compile...
# File: ..\..\b2tt\b2tt\b2tt_encode.vhd
# Compile Entity "b2tt_encounter"
# Compile Architecture "implementation" of Entity "b2tt_encounter"
# Compile Entity "b2tt_enpacket"
# Compile Architecture "implementation" of Entity "b2tt_enpacket"
# Compile Entity "b2tt_enoctet"
# Compile Architecture "implementation" of Entity "b2tt_enoctet"
# Compile Entity "b2tt_enbit2"
# Compile Architecture "implementation" of Entity "b2tt_enbit2"
# Compile Entity "b2tt_encode"
# Compile Architecture "implementation" of Entity "b2tt_encode"
# Compile success 0 Errors 0 Warnings  Analysis time :  0.3 [s]
# Compile...
# File: ..\..\b2tt\b2tt\b2tt_decode.vhd
# Compile Entity "b2tt_decomma"
# Compile Architecture "implementation" of Entity "b2tt_decomma"
# Compile Entity "b2tt_debit2"
# Compile Architecture "implementation" of Entity "b2tt_debit2"
# Compile Entity "b2tt_debit10"
# Compile Architecture "implementation" of Entity "b2tt_debit10"
# Compile Entity "b2tt_detrig"
# Compile Architecture "implementation" of Entity "b2tt_detrig"
# Compile Entity "b2tt_deoctet"
# Compile Architecture "implementation" of Entity "b2tt_deoctet"
# Compile Entity "b2tt_depacket"
# Compile Architecture "implementation" of Entity "b2tt_depacket"
# Compile Entity "b2tt_detag"
# Compile Architecture "implementation" of Entity "b2tt_detag"
# Compile Entity "b2tt_decode"
# Compile Architecture "implementation" of Entity "b2tt_decode"
# Compile success 0 Errors 0 Warnings  Analysis time :  0.3 [s]
# Compile...
# File: ..\..\b2tt\b2tt\b2tt.vhd
# Compile Entity "b2tt"
# Compile Architecture "implementation" of Entity "b2tt"
# Compile success 0 Errors 0 Warnings  Analysis time :  0.2 [s]
# 
# ###############################
# #Top Level
# ###############################
# Compile...
# File: ..\source\frame_gen.vhd
# Compile Entity "FRAME_GEN"
# Compile Architecture "RTL" of Entity "FRAME_GEN"
# Compile success 0 Errors 0 Warnings  Analysis time :  78.0 [ms]
# Compile...
# File: ..\source\run_ctrl.vhd
# Compile Entity "run_ctrl"
# Compile Architecture "behave" of Entity "run_ctrl"
# Compile success 0 Errors 0 Warnings  Analysis time :  78.0 [ms]
# Compile...
# File: ..\source\sfp_stat_ctrl.vhd
# Compile Entity "sfp_stat_ctrl"
# Compile Architecture "behave" of Entity "sfp_stat_ctrl"
# Compile success 0 Errors 0 Warnings  Analysis time :  63.0 [ms]
# Compile...
# File: ..\source\timing_ctrl_pkg.vhd
# Compile Package "timing_ctrl_pkg"
# Compile Package Body "timing_ctrl_pkg"
# Compile success 0 Errors 0 Warnings  Analysis time :  62.0 [ms]
# Compile...
# File: ..\source\timing_ctrl.vhd
# Compile Entity "timing_ctrl"
# Compile Architecture "behave" of Entity "timing_ctrl"
# Compile success 0 Errors 0 Warnings  Analysis time :  62.0 [ms]
# Compile...
# File: ..\source\klm_scrod.vhd
# Compile Package "klm_scrod_pkg"
# Compile Package Body "klm_scrod_pkg"
# Compile Entity "klm_scrod"
# Compile Architecture "behave" of Entity "klm_scrod"
# Compile success 0 Errors 0 Warnings  Analysis time :  0.2 [s]
# 
# ###########################################################
# #Models and testbench
# ###########################################################
# #vcom -work klm_scrod_tb .\source\frame_check.vhd;
# #vcom -work klm_scrod_tb .\source\frame_gen.vhd;
# Compile...
# File: source\targetx.vhd
# Compile Entity "targetx"
# Compile Architecture "behave" of Entity "targetx"
# Compile success 0 Errors 0 Warnings  Analysis time :  78.0 [ms]
# Compile...
# File: source\run_ctrl_stim.vhd
# Compile Entity "run_ctrl_stim"
# Compile Architecture "behave" of Entity "run_ctrl_stim"
# Compile success 0 Errors 0 Warnings  Analysis time :  62.0 [ms]
# #vcom -work klm_scrod_tb .\source\aurora_model.vhd
# Compile...
# File: source\klm_scrod_tb.vhd
# Compile Entity "klm_scrod_tb"
# Compile Architecture "behave" of Entity "klm_scrod_tb"
# Compile success 0 Errors 0 Warnings  Analysis time :  0.2 [s]
# ELBREAD: Elaboration process.
# ELBREAD: Elaboration time 1.0 [s].
# vsim: Stack memory: 256MB
# vsim: Retval memory: 512MB
# KERNEL: Main thread initiated.
# KERNEL: Kernel process initialization phase.
# KERNEL: Time resolution set to 1ps.
# ELAB2: Elaboration final pass...
# ELAB2: Create instances ...
# ELAB2: Create instances complete.
# ELAB2: Elaboration final pass complete - time: 12.6 [s].
# KERNEL: Kernel process initialization done.
# Allocation: Simulator allocated 105661 kB (elbread=14535 elab2=53848 kernel=37277 sdf=0)
# KERNEL: ASDB file was created in location c:\Users\bkunkler\Documents\CEEM\repos\Belle-II\firmware\KLM_SCROD\klm_scrod\sim\project\klm_scrod_tb\klm_scrod_tb\src\wave.asdb
#  10:20 AM, Thursday, July 17, 2014
#  Simulation has been initialized
#  Selected Top-Level: klm_scrod_tb (behave)
# 
# #-----------------------------------------------------------------------------------------------------------
# #-----------------------------------------------------------------------------------------------------------
# #-----------------------------------------------------------------------------------------------------------
# 110 signal(s) traced.
# Waveform file 'untitled.awc' connected to 'c:/Users/bkunkler/Documents/CEEM/repos/Belle-II/firmware/KLM_SCROD/klm_scrod/sim/project/klm_scrod_tb/klm_scrod_tb/src/wave.asdb'.
# #-----------------------------------------------------------------------------------------------------------
# #-----------------------------------------------------------------------------------
# #-----------------------------------------------------------------------------------
# #-----------------------------------------------------------------------------------
# 99 signal(s) traced.
# #-----------------------------------------------------------------------------------
# 
# #-----------------------------------------------------------------------------------------------------------
# 79 signal(s) traced.
# #-----------------------------------------------------------------------------------------------------------
# #-----------------------------------------------------------------------------------
# 302 signal(s) traced.
# #-----------------------------------------------------------------------------------
# #-----------------------------------------------------------------------------------
# 19 signal(s) traced.
# #-----------------------------------------------------------------------------------
# #-----------------------------------------------------------------------------------
# 31 signal(s) traced.
# #-----------------------------------------------------------------------------------
# 17 signal(s) traced.
# 
# #run 3 ms;
# EXECUTION:: NOTE   : WARNING: Behavioral models for independent clock FIFO configurations do not model synchronization delays. The behavioral models are functionally correct, and will represent the behavior of the configured FIFO. See the FIFO Generator User Guide for more information.
# EXECUTION:: Time: 0 ps,  Iteration: 0,  Instance: /klm_scrod_tb/UUT/conc_intfc_ins/trig_fifo_ins/U0/gconvfifo/inst_conv_fifo,  Process: line__4205.
# KERNEL: stopped at time: 125 us
# ###########################################################
# #FTSW
# ###########################################################
# Warning: Library ft2u_lib already exists
# Compile...
# File: ..\..\..\integration\det_intfc\ft2u\ft2u\tt_types.vhd
# Compile Package "tt_types"
# Compile success 0 Errors 0 Warnings  Analysis time :  15.0 [ms]
# Compile...
# File: ..\..\..\integration\det_intfc\ft2u\ft2u\b2tt_ddr_v5.vhd
# Compile Entity "b2tt_iddr"
# Compile Architecture "implementation" of Entity "b2tt_iddr"
# Compile Entity "b2tt_oddr"
# Compile Architecture "implementation" of Entity "b2tt_oddr"
# Compile success 0 Errors 0 Warnings  Analysis time :  0.2 [s]
# Compile...
# File: ..\..\..\integration\det_intfc\ft2u\ft2u\tt_utime.vhd
# Compile Entity "tt_utime"
# Compile Architecture "implementation" of Entity "tt_utime"
# Compile success 0 Errors 0 Warnings  Analysis time :  63.0 [ms]
# Compile...
# File: ..\..\..\integration\det_intfc\ft2u\ft2u\b2tt_8b10b.vhd
# Compile Entity "b2tt_en8b10b"
# Compile Architecture "implementation" of Entity "b2tt_en8b10b"
# Compile Entity "b2tt_de8b10b"
# Compile Architecture "implementation" of Entity "b2tt_de8b10b"
# Compile success 0 Errors 0 Warnings  Analysis time :  78.0 [ms]
# Compile...
# File: ..\..\..\integration\det_intfc\ft2u\ft2u\b2tt_symbols.vhd
# Compile Package "b2tt_symbols"
# Compile success 0 Errors 0 Warnings  Analysis time :  16.0 [ms]
# Compile...
# File: ..\..\..\integration\det_intfc\ft2u\ft2u\x_decode.vhd
# Compile Entity "x_decode"
# Compile Architecture "implementation" of Entity "x_decode"
# Compile success 0 Errors 0 Warnings  Analysis time :  0.2 [s]
# Compile...
# File: ..\..\..\integration\det_intfc\ft2u\ft2u\x_encode.vhd
# Compile Entity "x_encode"
# Compile Architecture "implementation" of Entity "x_encode"
# Compile success 0 Errors 0 Warnings  Analysis time :  0.2 [s]
# Compile...
# File: ..\..\..\integration\det_intfc\ft2u\ft2u\m_fifo.vhd
# Compile Entity "m_fifo"
# Compile Architecture "implementation" of Entity "m_fifo"
# Compile success 0 Errors 0 Warnings  Analysis time :  0.1 [s]
# Compile...
# File: ..\..\..\integration\det_intfc\ft2u\ft2u\m_count.vhd
# Compile Entity "m_cntdead"
# Compile Architecture "implementation" of Entity "m_cntdead"
# Compile Entity "m_count"
# Compile Architecture "implementation" of Entity "m_count"
# Compile success 0 Errors 0 Warnings  Analysis time :  63.0 [ms]
# Compile...
# File: ..\..\..\integration\det_intfc\ft2u\ft2u\m_decode.vhd
# Compile Entity "m_decomma"
# Compile Architecture "implementation" of Entity "m_decomma"
# Compile Entity "m_debit2"
# Compile Architecture "implementation" of Entity "m_debit2"
# Compile Entity "m_debit10"
# Compile Architecture "implementation" of Entity "m_debit10"
# Compile Entity "m_debusy"
# Compile Architecture "implementation" of Entity "m_debusy"
# Compile Entity "m_deoctet"
# Compile Architecture "implementation" of Entity "m_deoctet"
# Compile Entity "m_depacket"
# Compile Architecture "implementation" of Entity "m_depacket"
# Compile Entity "m_decode"
# Compile Architecture "implementation" of Entity "m_decode"
# Compile success 0 Errors 0 Warnings  Analysis time :  0.2 [s]
# Compile...
# File: ..\..\..\integration\det_intfc\ft2u\ft2u\m_dumtrig.vhd
# Compile Entity "m_dumtrig"
# Compile Architecture "behavior" of Entity "m_dumtrig"
# Compile success 0 Errors 0 Warnings  Analysis time :  0.2 [s]
# Compile...
# File: ..\..\..\integration\det_intfc\ft2u\ft2u\m_encode.vhd
# Compile Entity "m_en2bit"
# Compile Architecture "implementation" of Entity "m_en2bit"
# Compile Entity "m_enoctet"
# Compile Architecture "implementation" of Entity "m_enoctet"
# Compile Entity "m_enreset"
# Compile Architecture "implementation" of Entity "m_enreset"
# Compile Entity "m_enpacket"
# Compile Architecture "implementation" of Entity "m_enpacket"
# Compile Entity "m_encounter"
# Compile Architecture "implementation" of Entity "m_encounter"
# Compile Entity "m_encode"
# Compile Architecture "implementation" of Entity "m_encode"
# Compile success 0 Errors 0 Warnings  Analysis time :  93.0 [ms]
# Compile...
# File: ..\..\..\integration\det_intfc\ft2u\ft2u\m_genbusy.vhd
# Compile Entity "m_genbusy"
# Compile Architecture "implementation" of Entity "m_genbusy"
# Compile success 0 Errors 0 Warnings  Analysis time :  62.0 [ms]
# Compile...
# File: ..\..\..\integration\det_intfc\ft2u\ft2u\m_gentrig.vhd
# Compile Entity "m_gentrig"
# Compile Architecture "behavior" of Entity "m_gentrig"
# Compile success 0 Errors 0 Warnings  Analysis time :  47.0 [ms]
# Compile...
# File: ..\..\..\integration\det_intfc\ft2u\ft2u\m_pipeline.vhd
# Compile Entity "m_pipeline"
# Compile Architecture "implementation" of Entity "m_pipeline"
# Compile success 0 Errors 0 Warnings  Analysis time :  0.1 [s]
# Compile...
# File: ..\..\..\integration\det_intfc\ft2u\ft2u\m_trgdelay.vhd
# Compile Entity "m_trgdelay"
# Compile Architecture "implementation" of Entity "m_trgdelay"
# Compile success 0 Errors 0 Warnings  Analysis time :  0.1 [s]
# Compile...
# File: ..\..\..\integration\det_intfc\ft2u\ft2u\m_collect.vhd
# Compile Entity "m_collect"
# Compile Architecture "implementation" of Entity "m_collect"
# Compile success 0 Errors 0 Warnings  Analysis time :  0.2 [s]
# Compile...
# File: ..\..\..\integration\det_intfc\ft2u\ft2u\tt_aux.vhd
# Compile Entity "tt_aux"
# Compile Architecture "implementation" of Entity "tt_aux"
# Compile success 0 Errors 0 Warnings  Analysis time :  0.1 [s]
# Compile...
# File: ..\..\..\integration\det_intfc\ft2u\ft2u\tt_blink.vhd
# Compile Entity "tt_blink"
# Compile Architecture "implementation" of Entity "tt_blink"
# Compile success 0 Errors 0 Warnings  Analysis time :  62.0 [ms]
# Compile...
# File: ..\..\..\integration\det_intfc\ft2u\ft2u\tt_dump.vhd
# Compile Entity "tt_dump"
# Compile Architecture "implementation" of Entity "tt_dump"
# Compile success 0 Errors 0 Warnings  Analysis time :  0.2 [s]
# Compile...
# File: ..\..\..\integration\det_intfc\ft2u\ft2u\tt_ictrl.vhd
# Compile Entity "tt_idelayctrl"
# Compile Architecture "implementation" of Entity "tt_idelayctrl"
# Compile success 0 Errors 0 Warnings  Analysis time :  0.2 [s]
# Compile...
# File: ..\..\..\integration\det_intfc\ft2u\ft2u\tt_ioswitch.vhd
# Compile Entity "tt_ioswitch"
# Compile Architecture "implementation" of Entity "tt_ioswitch"
# Compile success 0 Errors 0 Warnings  Analysis time :  0.1 [s]
# Compile...
# File: ..\..\..\integration\det_intfc\ft2u\ft2u\tt_jitterspi.vhd
# Compile Entity "tt_jitterspi"
# Compile Architecture "implementation" of Entity "tt_jitterspi"
# Compile success 0 Errors 0 Warnings  Analysis time :  0.1 [s]
# Compile...
# File: ..\..\..\integration\det_intfc\ft2u\ft2u\tt_oack.vhd
# Compile Entity "tt_oack"
# Compile Architecture "implementation" of Entity "tt_oack"
# Compile success 0 Errors 0 Warnings  Analysis time :  0.1 [s]
# Compile...
# File: ..\..\..\integration\det_intfc\ft2u\ft2u\tt_oclk.vhd
# Compile Entity "tt_oclk"
# Compile Architecture "implementation" of Entity "tt_oclk"
# Compile success 0 Errors 0 Warnings  Analysis time :  0.1 [s]
# Compile...
# File: ..\..\..\integration\det_intfc\ft2u\ft2u\tt_orsv.vhd
# Compile Entity "tt_orsv"
# Compile Architecture "implementation" of Entity "tt_orsv"
# Compile success 0 Errors 0 Warnings  Analysis time :  0.2 [s]
# Compile...
# File: ..\..\..\integration\det_intfc\ft2u\ft2u\tt_otrg.vhd
# Compile Entity "tt_otrg"
# Compile Architecture "implementation" of Entity "tt_otrg"
# Compile success 0 Errors 0 Warnings  Analysis time :  0.1 [s]
# Compile...
# File: ..\..\..\integration\det_intfc\ft2u\ft2u\tt_phasedet.vhd
# Compile Entity "tt_phasedet"
# Compile Architecture "implementation" of Entity "tt_phasedet"
# Compile success 0 Errors 0 Warnings  Analysis time :  0.1 [s]
# Compile...
# File: ..\..\..\integration\det_intfc\ft2u\ft2u\tt_regs.vhd
# Compile Entity "tt_regs"
# Compile Architecture "implementation" of Entity "tt_regs"
# Compile success 0 Errors 0 Warnings  Analysis time :  0.1 [s]
# Compile...
# File: ..\..\..\integration\det_intfc\ft2u\ft2u\tt_tlu.vhd
# Compile Entity "tt_tlu"
# Compile Architecture "implementation" of Entity "tt_tlu"
# Compile success 0 Errors 0 Warnings  Analysis time :  0.1 [s]
# Compile...
# File: ..\..\..\integration\det_intfc\ft2u\ft2u\ft2u.vhd
# Compile Entity "ft2u"
# Compile Architecture "implementation" of Entity "ft2u"
# Compile success 0 Errors 0 Warnings  Analysis time :  0.2 [s]
# 
# ###########################################################
# #Concentrator Interface
# ###########################################################
# Warning: Library klm_scrod_tb already exists
# ###############################
# #IP Cores
# ###############################
# Compile...
# File: ..\..\ipcore\daq_fifo.vhd
# Compile Entity "daq_fifo"
# Compile Architecture "daq_fifo_a" of Entity "daq_fifo"
# Compile success 0 Errors 0 Warnings  Analysis time :  16.0 [ms]
# Compile...
# File: ..\..\ipcore\trig_fifo.vhd
# Compile Entity "trig_fifo"
# Compile Architecture "trig_fifo_a" of Entity "trig_fifo"
# Compile success 0 Errors 0 Warnings  Analysis time :  31.0 [ms]
# ###############################
# #TDC Files
# ###############################
# Compile...
# File: ..\..\tdc\source\tdc_pkg.vhd
# Compile Package "tdc_pkg"
# Compile Package Body "tdc_pkg"
# Compile success 0 Errors 0 Warnings  Analysis time :  63.0 [ms]
# Compile...
# File: ..\..\tdc\source\tdc_fifo.vhd
# Compile Entity "tdc_fifo"
# Compile Architecture "fwft_arch0" of Entity "tdc_fifo"
# Compile Architecture "fwft_arch1" of Entity "tdc_fifo"
# Compile Architecture "fwft_arch2" of Entity "tdc_fifo"
# Compile Architecture "std_arch" of Entity "tdc_fifo"
# Compile success 0 Errors 0 Warnings  Analysis time :  94.0 [ms]
# Compile...
# File: ..\..\tdc\source\tdc_channel.vhd
# Compile Entity "tdc_channel"
# Compile Architecture "behave" of Entity "tdc_channel"
# Compile success 0 Errors 0 Warnings  Analysis time :  0.2 [s]
# Compile...
# File: ..\..\tdc\source\tdc.vhd
# Compile Entity "tdc"
# Compile Architecture "behave" of Entity "tdc"
# Compile success 0 Errors 0 Warnings  Analysis time :  0.1 [s]
# ###############################
# #Time Order Files
# ###############################
# Compile...
# File: ..\..\time_order\source\time_order_pkg.vhd
# Compile Package "time_order_pkg"
# Compile Package Body "time_order_pkg"
# Compile success 0 Errors 0 Warnings  Analysis time :  63.0 [ms]
# Compile...
# File: ..\..\time_order\source\tom_2_to_1.vhd
# Compile Entity "tom_2_to_1"
# Compile Architecture "behave" of Entity "tom_2_to_1"
# Compile success 0 Errors 0 Warnings  Analysis time :  78.0 [ms]
# Compile...
# File: ..\..\time_order\source\tom_3_to_1.vhd
# Compile Entity "tom_3_to_1"
# Compile Architecture "behave" of Entity "tom_3_to_1"
# Compile success 0 Errors 0 Warnings  Analysis time :  62.0 [ms]
# Compile...
# File: ..\..\time_order\source\tom_4_to_1.vhd
# Compile Entity "tom_4_to_1"
# Compile Architecture "behave" of Entity "tom_4_to_1"
# Compile success 0 Errors 0 Warnings  Analysis time :  62.0 [ms]
# Compile...
# File: ..\..\time_order\source\tom_10_to_1.vhd
# Compile Entity "tom_10_to_1"
# Compile Architecture "behave" of Entity "tom_10_to_1"
# Compile success 0 Errors 0 Warnings  Analysis time :  62.0 [ms]
# Compile...
# File: ..\..\time_order\source\time_order.vhd
# Compile Entity "time_order"
# Compile Architecture "behave" of Entity "time_order"
# Compile success 0 Errors 0 Warnings  Analysis time :  63.0 [ms]
# Compile...
# File: ..\..\conc_intfc\source\conc_intfc_pkg.vhd
# Compile Package "conc_intfc_pkg"
# Compile Package Body "conc_intfc_pkg"
# Compile success 0 Errors 0 Warnings  Analysis time :  16.0 [ms]
# Compile...
# File: ..\..\conc_intfc\source\trig_chan_calc.vhd
# Compile Entity "trig_chan_calc"
# Compile Architecture "behave" of Entity "trig_chan_calc"
# Compile success 0 Errors 0 Warnings  Analysis time :  0.2 [s]
# Compile...
# File: ..\..\conc_intfc\source\conc_intfc.vhd
# Compile Entity "conc_intfc"
# Compile Architecture "behave" of Entity "conc_intfc"
# Compile success 0 Errors 0 Warnings  Analysis time :  0.2 [s]
# 
# ###############################
# #Aurora Core
# ###############################
# Compile...
# File: ..\..\klm_aurora\source\aurora_tile.vhd
# Compile Entity "AURORA_TILE"
# Compile Architecture "RTL" of Entity "AURORA_TILE"
# Compile success 0 Errors 0 Warnings  Analysis time :  0.2 [s]
# Compile...
# File: ..\..\klm_aurora\source\transceiver_wrapper.vhd
# Compile Entity "GTP_WRAPPER"
# Compile Architecture "BEHAVIORAL" of Entity "GTP_WRAPPER"
# Compile success 0 Errors 0 Warnings  Analysis time :  0.2 [s]
# Compile...
# File: ..\..\klm_aurora\source\aurora_pkg.vhd
# Compile Package "AURORA_PKG"
# Compile Package Body "AURORA_PKG"
# Compile success 0 Errors 0 Warnings  Analysis time :  78.0 [ms]
# Compile...
# File: ..\..\klm_aurora\source\chbond_count_dec.vhd
# Compile Entity "CHBOND_COUNT_DEC"
# Compile Architecture "RTL" of Entity "CHBOND_COUNT_DEC"
# Compile success 0 Errors 0 Warnings  Analysis time :  63.0 [ms]
# Compile...
# File: ..\..\klm_aurora\source\err_detect.vhd
# Compile Entity "ERR_DETECT"
# Compile Architecture "RTL" of Entity "ERR_DETECT"
# Compile success 0 Errors 0 Warnings  Analysis time :  63.0 [ms]
# Compile...
# File: ..\..\klm_aurora\source\lane_init_sm.vhd
# Compile Entity "LANE_INIT_SM"
# Compile Architecture "RTL" of Entity "LANE_INIT_SM"
# Compile success 0 Errors 0 Warnings  Analysis time :  78.0 [ms]
# Compile...
# File: ..\..\klm_aurora\source\sym_dec.vhd
# Compile Entity "SYM_DEC"
# Compile Architecture "RTL" of Entity "SYM_DEC"
# Compile success 0 Errors 0 Warnings  Analysis time :  78.0 [ms]
# Compile...
# File: ..\..\klm_aurora\source\sym_gen.vhd
# Compile Entity "SYM_GEN"
# Compile Architecture "RTL" of Entity "SYM_GEN"
# Compile success 0 Errors 0 Warnings  Analysis time :  47.0 [ms]
# Compile...
# File: ..\..\klm_aurora\source\aurora_lane.vhd
# Compile Entity "AURORA_LANE"
# Compile Architecture "MAPPED" of Entity "AURORA_LANE"
# Compile success 0 Errors 0 Warnings  Analysis time :  62.0 [ms]
# Compile...
# File: ..\..\klm_aurora\source\channel_err_detect.vhd
# Compile Entity "CHANNEL_ERR_DETECT"
# Compile Architecture "RTL" of Entity "CHANNEL_ERR_DETECT"
# Compile success 0 Errors 0 Warnings  Analysis time :  63.0 [ms]
# Compile...
# File: ..\..\klm_aurora\source\channel_init_sm.vhd
# Compile Entity "CHANNEL_INIT_SM"
# Compile Architecture "RTL" of Entity "CHANNEL_INIT_SM"
# Compile success 0 Errors 0 Warnings  Analysis time :  63.0 [ms]
# Compile...
# File: ..\..\klm_aurora\source\idle_and_ver_gen.vhd
# Compile Entity "IDLE_AND_VER_GEN"
# Compile Architecture "RTL" of Entity "IDLE_AND_VER_GEN"
# Compile success 0 Errors 0 Warnings  Analysis time :  78.0 [ms]
# Compile...
# File: ..\..\klm_aurora\source\global_logic.vhd
# Compile Entity "GLOBAL_LOGIC"
# Compile Architecture "MAPPED" of Entity "GLOBAL_LOGIC"
# Compile success 0 Errors 0 Warnings  Analysis time :  47.0 [ms]
# Compile...
# File: ..\..\klm_aurora\source\tx_ll_control.vhd
# Compile Entity "TX_LL_CONTROL"
# Compile Architecture "RTL" of Entity "TX_LL_CONTROL"
# Compile success 0 Errors 0 Warnings  Analysis time :  78.0 [ms]
# Compile...
# File: ..\..\klm_aurora\source\tx_ll_datapath.vhd
# Compile Entity "TX_LL_DATAPATH"
# Compile Architecture "RTL" of Entity "TX_LL_DATAPATH"
# Compile success 0 Errors 0 Warnings  Analysis time :  62.0 [ms]
# Compile...
# File: ..\..\klm_aurora\source\tx_ll.vhd
# Compile Entity "TX_LL"
# Compile Architecture "MAPPED" of Entity "TX_LL"
# Compile success 0 Errors 0 Warnings  Analysis time :  63.0 [ms]
# Compile...
# File: ..\..\klm_aurora\source\rx_ll_pdu_datapath.vhd
# Compile Entity "RX_LL_PDU_DATAPATH"
# Compile Architecture "RTL" of Entity "RX_LL_PDU_DATAPATH"
# Compile success 0 Errors 0 Warnings  Analysis time :  78.0 [ms]
# Compile...
# File: ..\..\klm_aurora\source\rx_ll.vhd
# Compile Entity "RX_LL"
# Compile Architecture "MAPPED" of Entity "RX_LL"
# Compile success 0 Errors 0 Warnings  Analysis time :  46.0 [ms]
# Compile...
# File: ..\..\klm_aurora\source\standard_cc_module.vhd
# Compile Entity "STANDARD_CC_MODULE"
# Compile Architecture "RTL" of Entity "STANDARD_CC_MODULE"
# Compile success 0 Errors 0 Warnings  Analysis time :  63.0 [ms]
# Compile...
# File: ..\..\klm_aurora\source\klm_aurora.vhd
# Compile Entity "klm_aurora"
# Compile Architecture "MAPPED" of Entity "klm_aurora"
# Compile success 0 Errors 0 Warnings  Analysis time :  0.1 [s]
# Compile...
# File: ..\..\klm_aurora\source\klm_aurora_intfc.vhd
# Compile Entity "klm_aurora_intfc"
# Compile Architecture "MAPPED" of Entity "klm_aurora_intfc"
# Compile success 0 Errors 0 Warnings  Analysis time :  63.0 [ms]
# 
# ###############################
# #B2TT
# ###############################
# Compile...
# File: ..\..\b2tt\b2tt\b2tt_symbols.vhd
# Compile Package "b2tt_symbols"
# Compile success 0 Errors 0 Warnings  Analysis time :  15.0 [ms]
# Compile...
# File: ..\..\b2tt\b2tt\b2tt_ddr_s6.vhd
# Compile Entity "b2tt_iddr"
# Compile Architecture "implementation" of Entity "b2tt_iddr"
# Compile Entity "b2tt_oddr"
# Compile Architecture "implementation" of Entity "b2tt_oddr"
# Compile success 0 Errors 0 Warnings  Analysis time :  0.2 [s]
# Compile...
# File: ..\..\b2tt\b2tt\b2tt_clk_s6.vhd
# Compile Entity "b2tt_clk"
# Compile Architecture "implementation" of Entity "b2tt_clk"
# Compile success 0 Errors 0 Warnings  Analysis time :  0.2 [s]
# Compile...
# File: ..\..\b2tt\b2tt\b2tt_fifo_s6.vhd
# Compile Entity "b2tt_fifo"
# Compile Architecture "implementation" of Entity "b2tt_fifo"
# Compile success 0 Errors 0 Warnings  Analysis time :  0.2 [s]
# Compile...
# File: ..\..\b2tt\b2tt\b2tt_8b10b.vhd
# Compile Entity "b2tt_en8b10b"
# Compile Architecture "implementation" of Entity "b2tt_en8b10b"
# Compile Entity "b2tt_de8b10b"
# Compile Architecture "implementation" of Entity "b2tt_de8b10b"
# Compile success 0 Errors 0 Warnings  Analysis time :  94.0 [ms]
# Compile...
# File: ..\..\b2tt\b2tt\b2tt_encode.vhd
# Compile Entity "b2tt_encounter"
# Compile Architecture "implementation" of Entity "b2tt_encounter"
# Compile Entity "b2tt_enpacket"
# Compile Architecture "implementation" of Entity "b2tt_enpacket"
# Compile Entity "b2tt_enoctet"
# Compile Architecture "implementation" of Entity "b2tt_enoctet"
# Compile Entity "b2tt_enbit2"
# Compile Architecture "implementation" of Entity "b2tt_enbit2"
# Compile Entity "b2tt_encode"
# Compile Architecture "implementation" of Entity "b2tt_encode"
# Compile success 0 Errors 0 Warnings  Analysis time :  0.2 [s]
# Compile...
# File: ..\..\b2tt\b2tt\b2tt_decode.vhd
# Compile Entity "b2tt_decomma"
# Compile Architecture "implementation" of Entity "b2tt_decomma"
# Compile Entity "b2tt_debit2"
# Compile Architecture "implementation" of Entity "b2tt_debit2"
# Compile Entity "b2tt_debit10"
# Compile Architecture "implementation" of Entity "b2tt_debit10"
# Compile Entity "b2tt_detrig"
# Compile Architecture "implementation" of Entity "b2tt_detrig"
# Compile Entity "b2tt_deoctet"
# Compile Architecture "implementation" of Entity "b2tt_deoctet"
# Compile Entity "b2tt_depacket"
# Compile Architecture "implementation" of Entity "b2tt_depacket"
# Compile Entity "b2tt_detag"
# Compile Architecture "implementation" of Entity "b2tt_detag"
# Compile Entity "b2tt_decode"
# Compile Architecture "implementation" of Entity "b2tt_decode"
# Compile success 0 Errors 0 Warnings  Analysis time :  0.2 [s]
# Compile...
# File: ..\..\b2tt\b2tt\b2tt.vhd
# Compile Entity "b2tt"
# Compile Architecture "implementation" of Entity "b2tt"
# Compile success 0 Errors 0 Warnings  Analysis time :  0.2 [s]
# 
# ###############################
# #Top Level
# ###############################        
# Compile...
# File: ..\source\klm_scrod_pkg.vhd
# Compile Package "klm_scrod_pkg"
# Compile Package Body "klm_scrod_pkg"
# Compile success 0 Errors 0 Warnings  Analysis time :  15.0 [ms]
# Compile...
# File: ..\source\frame_gen.vhd
# Compile Entity "FRAME_GEN"
# Compile Architecture "RTL" of Entity "FRAME_GEN"
# Compile success 0 Errors 0 Warnings  Analysis time :  78.0 [ms]
# Compile...
# File: ..\source\run_ctrl.vhd
# Compile Entity "run_ctrl"
# Compile Architecture "behave" of Entity "run_ctrl"
# Compile success 0 Errors 0 Warnings  Analysis time :  62.0 [ms]
# Compile...
# File: ..\source\sfp_stat_ctrl.vhd
# Compile Entity "sfp_stat_ctrl"
# Compile Architecture "behave" of Entity "sfp_stat_ctrl"
# Compile success 0 Errors 0 Warnings  Analysis time :  62.0 [ms]
# Compile...
# File: ..\source\timing_ctrl_pkg.vhd
# Compile Package "timing_ctrl_pkg"
# Compile Package Body "timing_ctrl_pkg"
# Compile success 0 Errors 0 Warnings  Analysis time :  47.0 [ms]
# Compile...
# File: ..\source\timing_ctrl.vhd
# Compile Entity "timing_ctrl"
# Compile Architecture "behave" of Entity "timing_ctrl"
# Compile success 0 Errors 0 Warnings  Analysis time :  62.0 [ms]
# Compile...
# File: ..\source\klm_scrod.vhd
# Compile Entity "klm_scrod"
# Compile Architecture "behave" of Entity "klm_scrod"
# Compile success 0 Errors 0 Warnings  Analysis time :  0.2 [s]
# 
# ###########################################################
# #Models and testbench
# ###########################################################
# #vcom -work klm_scrod_tb .\source\frame_check.vhd;
# #vcom -work klm_scrod_tb .\source\frame_gen.vhd;
# Compile...
# File: source\targetx.vhd
# Compile Entity "targetx"
# Compile Architecture "behave" of Entity "targetx"
# Compile success 0 Errors 0 Warnings  Analysis time :  47.0 [ms]
# Compile...
# File: source\run_ctrl_stim.vhd
# Compile Entity "run_ctrl_stim"
# Compile Architecture "behave" of Entity "run_ctrl_stim"
# Error: COMP96_0367: run_ctrl_stim.vhd : (50, 16): Improper array length (8). Expected length is 16.
# Compile failure 1 Errors 0 Warnings  Analysis time :  16.0 [ms]
# Error: DO_001 in file c:\Users\bkunkler\Documents\CEEM\repos\Belle-II\firmware\KLM_SCROD\klm_scrod\sim\script\klm_scrod_tb.do line 126
# Error: Cannot run c:\Users\bkunkler\Documents\CEEM\repos\Belle-II\firmware\KLM_SCROD\klm_scrod\sim\script\klm_scrod_tb.do
# ###########################################################
# #FTSW
# ###########################################################
# Warning: Library ft2u_lib already exists
# Compile...
# File: ..\..\..\integration\det_intfc\ft2u\ft2u\tt_types.vhd
# Compile Package "tt_types"
# Compile success 0 Errors 0 Warnings  Analysis time :  16.0 [ms]
# Compile...
# File: ..\..\..\integration\det_intfc\ft2u\ft2u\b2tt_ddr_v5.vhd
# Compile Entity "b2tt_iddr"
# Compile Architecture "implementation" of Entity "b2tt_iddr"
# Compile Entity "b2tt_oddr"
# Compile Architecture "implementation" of Entity "b2tt_oddr"
# Compile success 0 Errors 0 Warnings  Analysis time :  0.2 [s]
# Compile...
# File: ..\..\..\integration\det_intfc\ft2u\ft2u\tt_utime.vhd
# Compile Entity "tt_utime"
# Compile Architecture "implementation" of Entity "tt_utime"
# Compile success 0 Errors 0 Warnings  Analysis time :  78.0 [ms]
# Compile...
# File: ..\..\..\integration\det_intfc\ft2u\ft2u\b2tt_8b10b.vhd
# Compile Entity "b2tt_en8b10b"
# Compile Architecture "implementation" of Entity "b2tt_en8b10b"
# Compile Entity "b2tt_de8b10b"
# Compile Architecture "implementation" of Entity "b2tt_de8b10b"
# Compile success 0 Errors 0 Warnings  Analysis time :  78.0 [ms]
# Compile...
# File: ..\..\..\integration\det_intfc\ft2u\ft2u\b2tt_symbols.vhd
# Compile Package "b2tt_symbols"
# Compile success 0 Errors 0 Warnings  Analysis time :  0.0 [ms]
# Compile...
# File: ..\..\..\integration\det_intfc\ft2u\ft2u\x_decode.vhd
# Compile Entity "x_decode"
# Compile Architecture "implementation" of Entity "x_decode"
# Compile success 0 Errors 0 Warnings  Analysis time :  0.2 [s]
# Compile...
# File: ..\..\..\integration\det_intfc\ft2u\ft2u\x_encode.vhd
# Compile Entity "x_encode"
# Compile Architecture "implementation" of Entity "x_encode"
# Compile success 0 Errors 0 Warnings  Analysis time :  0.2 [s]
# Compile...
# File: ..\..\..\integration\det_intfc\ft2u\ft2u\m_fifo.vhd
# Compile Entity "m_fifo"
# Compile Architecture "implementation" of Entity "m_fifo"
# Compile success 0 Errors 0 Warnings  Analysis time :  0.1 [s]
# Compile...
# File: ..\..\..\integration\det_intfc\ft2u\ft2u\m_count.vhd
# Compile Entity "m_cntdead"
# Compile Architecture "implementation" of Entity "m_cntdead"
# Compile Entity "m_count"
# Compile Architecture "implementation" of Entity "m_count"
# Compile success 0 Errors 0 Warnings  Analysis time :  78.0 [ms]
# Compile...
# File: ..\..\..\integration\det_intfc\ft2u\ft2u\m_decode.vhd
# Compile Entity "m_decomma"
# Compile Architecture "implementation" of Entity "m_decomma"
# Compile Entity "m_debit2"
# Compile Architecture "implementation" of Entity "m_debit2"
# Compile Entity "m_debit10"
# Compile Architecture "implementation" of Entity "m_debit10"
# Compile Entity "m_debusy"
# Compile Architecture "implementation" of Entity "m_debusy"
# Compile Entity "m_deoctet"
# Compile Architecture "implementation" of Entity "m_deoctet"
# Compile Entity "m_depacket"
# Compile Architecture "implementation" of Entity "m_depacket"
# Compile Entity "m_decode"
# Compile Architecture "implementation" of Entity "m_decode"
# Compile success 0 Errors 0 Warnings  Analysis time :  0.2 [s]
# Compile...
# File: ..\..\..\integration\det_intfc\ft2u\ft2u\m_dumtrig.vhd
# Compile Entity "m_dumtrig"
# Compile Architecture "behavior" of Entity "m_dumtrig"
# Compile success 0 Errors 0 Warnings  Analysis time :  0.2 [s]
# Compile...
# File: ..\..\..\integration\det_intfc\ft2u\ft2u\m_encode.vhd
# Compile Entity "m_en2bit"
# Compile Architecture "implementation" of Entity "m_en2bit"
# Compile Entity "m_enoctet"
# Compile Architecture "implementation" of Entity "m_enoctet"
# Compile Entity "m_enreset"
# Compile Architecture "implementation" of Entity "m_enreset"
# Compile Entity "m_enpacket"
# Compile Architecture "implementation" of Entity "m_enpacket"
# Compile Entity "m_encounter"
# Compile Architecture "implementation" of Entity "m_encounter"
# Compile Entity "m_encode"
# Compile Architecture "implementation" of Entity "m_encode"
# Compile success 0 Errors 0 Warnings  Analysis time :  0.1 [s]
# Compile...
# File: ..\..\..\integration\det_intfc\ft2u\ft2u\m_genbusy.vhd
# Compile Entity "m_genbusy"
# Compile Architecture "implementation" of Entity "m_genbusy"
# Compile success 0 Errors 0 Warnings  Analysis time :  63.0 [ms]
# Compile...
# File: ..\..\..\integration\det_intfc\ft2u\ft2u\m_gentrig.vhd
# Compile Entity "m_gentrig"
# Compile Architecture "behavior" of Entity "m_gentrig"
# Compile success 0 Errors 0 Warnings  Analysis time :  62.0 [ms]
# Compile...
# File: ..\..\..\integration\det_intfc\ft2u\ft2u\m_pipeline.vhd
# Compile Entity "m_pipeline"
# Compile Architecture "implementation" of Entity "m_pipeline"
# Compile success 0 Errors 0 Warnings  Analysis time :  0.2 [s]
# Compile...
# File: ..\..\..\integration\det_intfc\ft2u\ft2u\m_trgdelay.vhd
# Compile Entity "m_trgdelay"
# Compile Architecture "implementation" of Entity "m_trgdelay"
# Compile success 0 Errors 0 Warnings  Analysis time :  0.1 [s]
# Compile...
# File: ..\..\..\integration\det_intfc\ft2u\ft2u\m_collect.vhd
# Compile Entity "m_collect"
# Compile Architecture "implementation" of Entity "m_collect"
# Compile success 0 Errors 0 Warnings  Analysis time :  0.2 [s]
# Compile...
# File: ..\..\..\integration\det_intfc\ft2u\ft2u\tt_aux.vhd
# Compile Entity "tt_aux"
# Compile Architecture "implementation" of Entity "tt_aux"
# Compile success 0 Errors 0 Warnings  Analysis time :  0.2 [s]
# Compile...
# File: ..\..\..\integration\det_intfc\ft2u\ft2u\tt_blink.vhd
# Compile Entity "tt_blink"
# Compile Architecture "implementation" of Entity "tt_blink"
# Compile success 0 Errors 0 Warnings  Analysis time :  62.0 [ms]
# Compile...
# File: ..\..\..\integration\det_intfc\ft2u\ft2u\tt_dump.vhd
# Compile Entity "tt_dump"
# Compile Architecture "implementation" of Entity "tt_dump"
# Compile success 0 Errors 0 Warnings  Analysis time :  0.1 [s]
# Compile...
# File: ..\..\..\integration\det_intfc\ft2u\ft2u\tt_ictrl.vhd
# Compile Entity "tt_idelayctrl"
# Compile Architecture "implementation" of Entity "tt_idelayctrl"
# Compile success 0 Errors 0 Warnings  Analysis time :  0.1 [s]
# Compile...
# File: ..\..\..\integration\det_intfc\ft2u\ft2u\tt_ioswitch.vhd
# Compile Entity "tt_ioswitch"
# Compile Architecture "implementation" of Entity "tt_ioswitch"
# Compile success 0 Errors 0 Warnings  Analysis time :  0.2 [s]
# Compile...
# File: ..\..\..\integration\det_intfc\ft2u\ft2u\tt_jitterspi.vhd
# Compile Entity "tt_jitterspi"
# Compile Architecture "implementation" of Entity "tt_jitterspi"
# Compile success 0 Errors 0 Warnings  Analysis time :  0.1 [s]
# Compile...
# File: ..\..\..\integration\det_intfc\ft2u\ft2u\tt_oack.vhd
# Compile Entity "tt_oack"
# Compile Architecture "implementation" of Entity "tt_oack"
# Compile success 0 Errors 0 Warnings  Analysis time :  0.1 [s]
# Compile...
# File: ..\..\..\integration\det_intfc\ft2u\ft2u\tt_oclk.vhd
# Compile Entity "tt_oclk"
# Compile Architecture "implementation" of Entity "tt_oclk"
# Compile success 0 Errors 0 Warnings  Analysis time :  0.1 [s]
# Compile...
# File: ..\..\..\integration\det_intfc\ft2u\ft2u\tt_orsv.vhd
# Compile Entity "tt_orsv"
# Compile Architecture "implementation" of Entity "tt_orsv"
# Compile success 0 Errors 0 Warnings  Analysis time :  0.1 [s]
# Compile...
# File: ..\..\..\integration\det_intfc\ft2u\ft2u\tt_otrg.vhd
# Compile Entity "tt_otrg"
# Compile Architecture "implementation" of Entity "tt_otrg"
# Compile success 0 Errors 0 Warnings  Analysis time :  0.1 [s]
# Compile...
# File: ..\..\..\integration\det_intfc\ft2u\ft2u\tt_phasedet.vhd
# Compile Entity "tt_phasedet"
# Compile Architecture "implementation" of Entity "tt_phasedet"
# Compile success 0 Errors 0 Warnings  Analysis time :  0.2 [s]
# Compile...
# File: ..\..\..\integration\det_intfc\ft2u\ft2u\tt_regs.vhd
# Compile Entity "tt_regs"
# Compile Architecture "implementation" of Entity "tt_regs"
# Compile success 0 Errors 0 Warnings  Analysis time :  0.1 [s]
# Compile...
# File: ..\..\..\integration\det_intfc\ft2u\ft2u\tt_tlu.vhd
# Compile Entity "tt_tlu"
# Compile Architecture "implementation" of Entity "tt_tlu"
# Compile success 0 Errors 0 Warnings  Analysis time :  0.2 [s]
# Compile...
# File: ..\..\..\integration\det_intfc\ft2u\ft2u\ft2u.vhd
# Compile Entity "ft2u"
# Compile Architecture "implementation" of Entity "ft2u"
# Compile success 0 Errors 0 Warnings  Analysis time :  0.2 [s]
# 
# ###########################################################
# #Concentrator Interface
# ###########################################################
# Warning: Library klm_scrod_tb already exists
# ###############################
# #IP Cores
# ###############################
# Compile...
# File: ..\..\ipcore\daq_fifo.vhd
# Compile Entity "daq_fifo"
# Compile Architecture "daq_fifo_a" of Entity "daq_fifo"
# Compile success 0 Errors 0 Warnings  Analysis time :  31.0 [ms]
# Compile...
# File: ..\..\ipcore\trig_fifo.vhd
# Compile Entity "trig_fifo"
# Compile Architecture "trig_fifo_a" of Entity "trig_fifo"
# Compile success 0 Errors 0 Warnings  Analysis time :  15.0 [ms]
# ###############################
# #TDC Files
# ###############################
# Compile...
# File: ..\..\tdc\source\tdc_pkg.vhd
# Compile Package "tdc_pkg"
# Compile Package Body "tdc_pkg"
# Compile success 0 Errors 0 Warnings  Analysis time :  78.0 [ms]
# Compile...
# File: ..\..\tdc\source\tdc_fifo.vhd
# Compile Entity "tdc_fifo"
# Compile Architecture "fwft_arch0" of Entity "tdc_fifo"
# Compile Architecture "fwft_arch1" of Entity "tdc_fifo"
# Compile Architecture "fwft_arch2" of Entity "tdc_fifo"
# Compile Architecture "std_arch" of Entity "tdc_fifo"
# Compile success 0 Errors 0 Warnings  Analysis time :  93.0 [ms]
# Compile...
# File: ..\..\tdc\source\tdc_channel.vhd
# Compile Entity "tdc_channel"
# Compile Architecture "behave" of Entity "tdc_channel"
# Compile success 0 Errors 0 Warnings  Analysis time :  0.2 [s]
# Compile...
# File: ..\..\tdc\source\tdc.vhd
# Compile Entity "tdc"
# Compile Architecture "behave" of Entity "tdc"
# Compile success 0 Errors 0 Warnings  Analysis time :  0.2 [s]
# ###############################
# #Time Order Files
# ###############################
# Compile...
# File: ..\..\time_order\source\time_order_pkg.vhd
# Compile Package "time_order_pkg"
# Compile Package Body "time_order_pkg"
# Compile success 0 Errors 0 Warnings  Analysis time :  62.0 [ms]
# Compile...
# File: ..\..\time_order\source\tom_2_to_1.vhd
# Compile Entity "tom_2_to_1"
# Compile Architecture "behave" of Entity "tom_2_to_1"
# Compile success 0 Errors 0 Warnings  Analysis time :  63.0 [ms]
# Compile...
# File: ..\..\time_order\source\tom_3_to_1.vhd
# Compile Entity "tom_3_to_1"
# Compile Architecture "behave" of Entity "tom_3_to_1"
# Compile success 0 Errors 0 Warnings  Analysis time :  62.0 [ms]
# Compile...
# File: ..\..\time_order\source\tom_4_to_1.vhd
# Compile Entity "tom_4_to_1"
# Compile Architecture "behave" of Entity "tom_4_to_1"
# Compile success 0 Errors 0 Warnings  Analysis time :  63.0 [ms]
# Compile...
# File: ..\..\time_order\source\tom_10_to_1.vhd
# Compile Entity "tom_10_to_1"
# Compile Architecture "behave" of Entity "tom_10_to_1"
# Compile success 0 Errors 0 Warnings  Analysis time :  63.0 [ms]
# Compile...
# File: ..\..\time_order\source\time_order.vhd
# Compile Entity "time_order"
# Compile Architecture "behave" of Entity "time_order"
# Compile success 0 Errors 0 Warnings  Analysis time :  62.0 [ms]
# Compile...
# File: ..\..\conc_intfc\source\conc_intfc_pkg.vhd
# Compile Package "conc_intfc_pkg"
# Compile Package Body "conc_intfc_pkg"
# Compile success 0 Errors 0 Warnings  Analysis time :  16.0 [ms]
# Compile...
# File: ..\..\conc_intfc\source\trig_chan_calc.vhd
# Compile Entity "trig_chan_calc"
# Compile Architecture "behave" of Entity "trig_chan_calc"
# Compile success 0 Errors 0 Warnings  Analysis time :  0.1 [s]
# Compile...
# File: ..\..\conc_intfc\source\conc_intfc.vhd
# Compile Entity "conc_intfc"
# Compile Architecture "behave" of Entity "conc_intfc"
# Compile success 0 Errors 0 Warnings  Analysis time :  0.2 [s]
# 
# ###############################
# #Aurora Core
# ###############################
# Compile...
# File: ..\..\klm_aurora\source\aurora_tile.vhd
# Compile Entity "AURORA_TILE"
# Compile Architecture "RTL" of Entity "AURORA_TILE"
# Compile success 0 Errors 0 Warnings  Analysis time :  0.2 [s]
# Compile...
# File: ..\..\klm_aurora\source\transceiver_wrapper.vhd
# Compile Entity "GTP_WRAPPER"
# Compile Architecture "BEHAVIORAL" of Entity "GTP_WRAPPER"
# Compile success 0 Errors 0 Warnings  Analysis time :  0.1 [s]
# Compile...
# File: ..\..\klm_aurora\source\aurora_pkg.vhd
# Compile Package "AURORA_PKG"
# Compile Package Body "AURORA_PKG"
# Compile success 0 Errors 0 Warnings  Analysis time :  47.0 [ms]
# Compile...
# File: ..\..\klm_aurora\source\chbond_count_dec.vhd
# Compile Entity "CHBOND_COUNT_DEC"
# Compile Architecture "RTL" of Entity "CHBOND_COUNT_DEC"
# Compile success 0 Errors 0 Warnings  Analysis time :  62.0 [ms]
# Compile...
# File: ..\..\klm_aurora\source\err_detect.vhd
# Compile Entity "ERR_DETECT"
# Compile Architecture "RTL" of Entity "ERR_DETECT"
# Compile success 0 Errors 0 Warnings  Analysis time :  63.0 [ms]
# Compile...
# File: ..\..\klm_aurora\source\lane_init_sm.vhd
# Compile Entity "LANE_INIT_SM"
# Compile Architecture "RTL" of Entity "LANE_INIT_SM"
# Compile success 0 Errors 0 Warnings  Analysis time :  78.0 [ms]
# Compile...
# File: ..\..\klm_aurora\source\sym_dec.vhd
# Compile Entity "SYM_DEC"
# Compile Architecture "RTL" of Entity "SYM_DEC"
# Compile success 0 Errors 0 Warnings  Analysis time :  78.0 [ms]
# Compile...
# File: ..\..\klm_aurora\source\sym_gen.vhd
# Compile Entity "SYM_GEN"
# Compile Architecture "RTL" of Entity "SYM_GEN"
# Compile success 0 Errors 0 Warnings  Analysis time :  63.0 [ms]
# Compile...
# File: ..\..\klm_aurora\source\aurora_lane.vhd
# Compile Entity "AURORA_LANE"
# Compile Architecture "MAPPED" of Entity "AURORA_LANE"
# Compile success 0 Errors 0 Warnings  Analysis time :  62.0 [ms]
# Compile...
# File: ..\..\klm_aurora\source\channel_err_detect.vhd
# Compile Entity "CHANNEL_ERR_DETECT"
# Compile Architecture "RTL" of Entity "CHANNEL_ERR_DETECT"
# Compile success 0 Errors 0 Warnings  Analysis time :  62.0 [ms]
# Compile...
# File: ..\..\klm_aurora\source\channel_init_sm.vhd
# Compile Entity "CHANNEL_INIT_SM"
# Compile Architecture "RTL" of Entity "CHANNEL_INIT_SM"
# Compile success 0 Errors 0 Warnings  Analysis time :  78.0 [ms]
# Compile...
# File: ..\..\klm_aurora\source\idle_and_ver_gen.vhd
# Compile Entity "IDLE_AND_VER_GEN"
# Compile Architecture "RTL" of Entity "IDLE_AND_VER_GEN"
# Compile success 0 Errors 0 Warnings  Analysis time :  93.0 [ms]
# Compile...
# File: ..\..\klm_aurora\source\global_logic.vhd
# Compile Entity "GLOBAL_LOGIC"
# Compile Architecture "MAPPED" of Entity "GLOBAL_LOGIC"
# Compile success 0 Errors 0 Warnings  Analysis time :  62.0 [ms]
# Compile...
# File: ..\..\klm_aurora\source\tx_ll_control.vhd
# Compile Entity "TX_LL_CONTROL"
# Compile Architecture "RTL" of Entity "TX_LL_CONTROL"
# Compile success 0 Errors 0 Warnings  Analysis time :  62.0 [ms]
# Compile...
# File: ..\..\klm_aurora\source\tx_ll_datapath.vhd
# Compile Entity "TX_LL_DATAPATH"
# Compile Architecture "RTL" of Entity "TX_LL_DATAPATH"
# Compile success 0 Errors 0 Warnings  Analysis time :  62.0 [ms]
# Compile...
# File: ..\..\klm_aurora\source\tx_ll.vhd
# Compile Entity "TX_LL"
# Compile Architecture "MAPPED" of Entity "TX_LL"
# Compile success 0 Errors 0 Warnings  Analysis time :  63.0 [ms]
# Compile...
# File: ..\..\klm_aurora\source\rx_ll_pdu_datapath.vhd
# Compile Entity "RX_LL_PDU_DATAPATH"
# Compile Architecture "RTL" of Entity "RX_LL_PDU_DATAPATH"
# Compile success 0 Errors 0 Warnings  Analysis time :  62.0 [ms]
# Compile...
# File: ..\..\klm_aurora\source\rx_ll.vhd
# Compile Entity "RX_LL"
# Compile Architecture "MAPPED" of Entity "RX_LL"
# Compile success 0 Errors 0 Warnings  Analysis time :  47.0 [ms]
# Compile...
# File: ..\..\klm_aurora\source\standard_cc_module.vhd
# Compile Entity "STANDARD_CC_MODULE"
# Compile Architecture "RTL" of Entity "STANDARD_CC_MODULE"
# Compile success 0 Errors 0 Warnings  Analysis time :  63.0 [ms]
# Compile...
# File: ..\..\klm_aurora\source\klm_aurora.vhd
# Compile Entity "klm_aurora"
# Compile Architecture "MAPPED" of Entity "klm_aurora"
# Compile success 0 Errors 0 Warnings  Analysis time :  0.1 [s]
# Compile...
# File: ..\..\klm_aurora\source\klm_aurora_intfc.vhd
# Compile Entity "klm_aurora_intfc"
# Compile Architecture "MAPPED" of Entity "klm_aurora_intfc"
# Compile success 0 Errors 0 Warnings  Analysis time :  63.0 [ms]
# 
# ###############################
# #B2TT
# ###############################
# Compile...
# File: ..\..\b2tt\b2tt\b2tt_symbols.vhd
# Compile Package "b2tt_symbols"
# Compile success 0 Errors 0 Warnings  Analysis time :  0.0 [ms]
# Compile...
# File: ..\..\b2tt\b2tt\b2tt_ddr_s6.vhd
# Compile Entity "b2tt_iddr"
# Compile Architecture "implementation" of Entity "b2tt_iddr"
# Compile Entity "b2tt_oddr"
# Compile Architecture "implementation" of Entity "b2tt_oddr"
# Compile success 0 Errors 0 Warnings  Analysis time :  0.2 [s]
# Compile...
# File: ..\..\b2tt\b2tt\b2tt_clk_s6.vhd
# Compile Entity "b2tt_clk"
# Compile Architecture "implementation" of Entity "b2tt_clk"
# Compile success 0 Errors 0 Warnings  Analysis time :  0.2 [s]
# Compile...
# File: ..\..\b2tt\b2tt\b2tt_fifo_s6.vhd
# Compile Entity "b2tt_fifo"
# Compile Architecture "implementation" of Entity "b2tt_fifo"
# Compile success 0 Errors 0 Warnings  Analysis time :  0.2 [s]
# Compile...
# File: ..\..\b2tt\b2tt\b2tt_8b10b.vhd
# Compile Entity "b2tt_en8b10b"
# Compile Architecture "implementation" of Entity "b2tt_en8b10b"
# Compile Entity "b2tt_de8b10b"
# Compile Architecture "implementation" of Entity "b2tt_de8b10b"
# Compile success 0 Errors 0 Warnings  Analysis time :  0.2 [s]
# Compile...
# File: ..\..\b2tt\b2tt\b2tt_encode.vhd
# Compile Entity "b2tt_encounter"
# Compile Architecture "implementation" of Entity "b2tt_encounter"
# Compile Entity "b2tt_enpacket"
# Compile Architecture "implementation" of Entity "b2tt_enpacket"
# Compile Entity "b2tt_enoctet"
# Compile Architecture "implementation" of Entity "b2tt_enoctet"
# Compile Entity "b2tt_enbit2"
# Compile Architecture "implementation" of Entity "b2tt_enbit2"
# Compile Entity "b2tt_encode"
# Compile Architecture "implementation" of Entity "b2tt_encode"
# Compile success 0 Errors 0 Warnings  Analysis time :  0.2 [s]
# Compile...
# File: ..\..\b2tt\b2tt\b2tt_decode.vhd
# Compile Entity "b2tt_decomma"
# Compile Architecture "implementation" of Entity "b2tt_decomma"
# Compile Entity "b2tt_debit2"
# Compile Architecture "implementation" of Entity "b2tt_debit2"
# Compile Entity "b2tt_debit10"
# Compile Architecture "implementation" of Entity "b2tt_debit10"
# Compile Entity "b2tt_detrig"
# Compile Architecture "implementation" of Entity "b2tt_detrig"
# Compile Entity "b2tt_deoctet"
# Compile Architecture "implementation" of Entity "b2tt_deoctet"
# Compile Entity "b2tt_depacket"
# Compile Architecture "implementation" of Entity "b2tt_depacket"
# Compile Entity "b2tt_detag"
# Compile Architecture "implementation" of Entity "b2tt_detag"
# Compile Entity "b2tt_decode"
# Compile Architecture "implementation" of Entity "b2tt_decode"
# Compile success 0 Errors 0 Warnings  Analysis time :  0.3 [s]
# Compile...
# File: ..\..\b2tt\b2tt\b2tt.vhd
# Compile Entity "b2tt"
# Compile Architecture "implementation" of Entity "b2tt"
# Compile success 0 Errors 0 Warnings  Analysis time :  0.2 [s]
# 
# ###############################
# #Top Level
# ###############################        
# Compile...
# File: ..\source\klm_scrod_pkg.vhd
# Compile Package "klm_scrod_pkg"
# Compile Package Body "klm_scrod_pkg"
# Compile success 0 Errors 0 Warnings  Analysis time :  16.0 [ms]
# Compile...
# File: ..\source\frame_gen.vhd
# Compile Entity "FRAME_GEN"
# Compile Architecture "RTL" of Entity "FRAME_GEN"
# Compile success 0 Errors 0 Warnings  Analysis time :  62.0 [ms]
# Compile...
# File: ..\source\run_ctrl.vhd
# Compile Entity "run_ctrl"
# Compile Architecture "behave" of Entity "run_ctrl"
# Compile success 0 Errors 0 Warnings  Analysis time :  62.0 [ms]
# Compile...
# File: ..\source\sfp_stat_ctrl.vhd
# Compile Entity "sfp_stat_ctrl"
# Compile Architecture "behave" of Entity "sfp_stat_ctrl"
# Compile success 0 Errors 0 Warnings  Analysis time :  62.0 [ms]
# Compile...
# File: ..\source\timing_ctrl_pkg.vhd
# Compile Package "timing_ctrl_pkg"
# Compile Package Body "timing_ctrl_pkg"
# Compile success 0 Errors 0 Warnings  Analysis time :  62.0 [ms]
# Compile...
# File: ..\source\timing_ctrl.vhd
# Compile Entity "timing_ctrl"
# Compile Architecture "behave" of Entity "timing_ctrl"
# Compile success 0 Errors 0 Warnings  Analysis time :  63.0 [ms]
# Compile...
# File: ..\source\klm_scrod.vhd
# Compile Entity "klm_scrod"
# Compile Architecture "behave" of Entity "klm_scrod"
# Compile success 0 Errors 0 Warnings  Analysis time :  0.2 [s]
# 
# ###########################################################
# #Models and testbench
# ###########################################################
# #vcom -work klm_scrod_tb .\source\frame_check.vhd;
# #vcom -work klm_scrod_tb .\source\frame_gen.vhd;
# Compile...
# File: source\targetx.vhd
# Compile Entity "targetx"
# Compile Architecture "behave" of Entity "targetx"
# Compile success 0 Errors 0 Warnings  Analysis time :  47.0 [ms]
# Compile...
# File: source\run_ctrl_stim.vhd
# Compile Entity "run_ctrl_stim"
# Compile Architecture "behave" of Entity "run_ctrl_stim"
# Compile success 0 Errors 0 Warnings  Analysis time :  62.0 [ms]
# #vcom -work klm_scrod_tb .\source\aurora_model.vhd
# Compile...
# File: source\klm_scrod_tb.vhd
# Compile Entity "klm_scrod_tb"
# Compile Architecture "behave" of Entity "klm_scrod_tb"
# Compile success 0 Errors 0 Warnings  Analysis time :  0.2 [s]
#  Simulation has been stopped
# ELBREAD: Elaboration process.
# ELBREAD: Elaboration time 1.0 [s].
# vsim: Stack memory: 256MB
# vsim: Retval memory: 512MB
# KERNEL: Main thread initiated.
# KERNEL: Kernel process initialization phase.
# KERNEL: Time resolution set to 1ps.
# ELAB2: Elaboration final pass...
# ELAB2: Create instances ...
# ELAB2: Create instances complete.
# ELAB2: Elaboration final pass complete - time: 12.7 [s].
# KERNEL: Kernel process initialization done.
# Allocation: Simulator allocated 105661 kB (elbread=14535 elab2=53848 kernel=37277 sdf=0)
# KERNEL: ASDB file was created in location c:\Users\bkunkler\Documents\CEEM\repos\Belle-II\firmware\KLM_SCROD\klm_scrod\sim\project\klm_scrod_tb\klm_scrod_tb\src\wave.asdb
#  11:25 AM, Thursday, July 17, 2014
#  Simulation has been initialized
#  Selected Top-Level: klm_scrod_tb (behave)
# 
# #-----------------------------------------------------------------------------------------------------------
# #-----------------------------------------------------------------------------------------------------------
# #-----------------------------------------------------------------------------------------------------------
# 110 signal(s) traced.
# Waveform file 'untitled.awc' connected to 'c:/Users/bkunkler/Documents/CEEM/repos/Belle-II/firmware/KLM_SCROD/klm_scrod/sim/project/klm_scrod_tb/klm_scrod_tb/src/wave.asdb'.
# #-----------------------------------------------------------------------------------------------------------
# #-----------------------------------------------------------------------------------
# #-----------------------------------------------------------------------------------
# #-----------------------------------------------------------------------------------
# 99 signal(s) traced.
# #-----------------------------------------------------------------------------------
# 
# #-----------------------------------------------------------------------------------------------------------
# 79 signal(s) traced.
# #-----------------------------------------------------------------------------------------------------------
# #-----------------------------------------------------------------------------------
# 302 signal(s) traced.
# #-----------------------------------------------------------------------------------
# #-----------------------------------------------------------------------------------
# 19 signal(s) traced.
# #-----------------------------------------------------------------------------------
# #-----------------------------------------