10:34:50 **** Incremental Build of configuration Build (GNU) for project usbInterface ****
make all 
g++ -Isrc/lib -I/usr/include/libusb-1.0 -DUSE_USB -DDEBUG -g `root-config --cflags `  -c src/tx_takedataplot1.cpp -o work/tx_takedataplot1.o
g++ work/tx_takedataplot1.o work/generic.o work/io_interface.o work/idl_usb.o work/packet_interface.o work/target6ControlClass.o work/target6DataClass.o -L/usr/lib/i386-linux-gnu -lusb-1.0 -DDEBUG -g `root-config --glibs` -o bin/tx_takedataplot1
10:36:28 **** Incremental Build of configuration Build (GNU) for project usbInterface ****
make all 
make: Nothing to be done for `all'.
10:36:46 **** Incremental Build of configuration Build (GNU) for project usbInterface ****
make all 
make: Nothing to be done for `all'.
10:37:28 **** Incremental Build of configuration Build (GNU) for project usbInterface ****
make all 
make: Nothing to be done for `all'.
10:37:41 **** Incremental Build of configuration Build (GNU) for project usbInterface ****
make all 
make: Nothing to be done for `all'.
10:38:44 **** Incremental Build of configuration Build (GNU) for project usbInterface ****
make all 
make: Nothing to be done for `all'.
10:38:53 **** Incremental Build of configuration Build (GNU) for project usbInterface ****
make all 
make: Nothing to be done for `all'.
10:40:12 **** Incremental Build of configuration Build (GNU) for project usbInterface ****
make all 
make: Nothing to be done for `all'.
10:40:24 **** Incremental Build of configuration Build (GNU) for project usbInterface ****
make all 
make: Nothing to be done for `all'.
10:41:38 **** Incremental Build of configuration Build (GNU) for project usbInterface ****
make all 
g++ -Isrc/lib -I/usr/include/libusb-1.0 -DUSE_USB -DDEBUG -g `root-config --cflags `  -c src/tx_takedataplot1.cpp -o work/tx_takedataplot1.o
g++ work/tx_takedataplot1.o work/generic.o work/io_interface.o work/idl_usb.o work/packet_interface.o work/target6ControlClass.o work/target6DataClass.o -L/usr/lib/i386-linux-gnu -lusb-1.0 -DDEBUG -g `root-config --glibs` -o bin/tx_takedataplot1
16:05:07 **** Incremental Build of configuration Build (GNU) for project usbInterface ****
make all 
make: Nothing to be done for `all'.
16:06:25 **** Incremental Build of configuration Build (GNU) for project usbInterface ****
make all 
make: Nothing to be done for `all'.
16:08:09 **** Incremental Build of configuration Build (GNU) for project usbInterface ****
make all 
g++ -Isrc/lib -I/usr/include/libusb-1.0 -DUSE_USB -DDEBUG -g `root-config --cflags `  -c src/parseTXPedSubData01.cxx -o work/parseTXPedSubData01.o
g++ work/parseTXPedSubData01.o work/generic.o work/io_interface.o work/idl_usb.o work/packet_interface.o work/target6ControlClass.o work/target6DataClass.o -L/usr/lib/i386-linux-gnu -lusb-1.0 -DDEBUG -g `root-config --glibs` -o bin/parseTXPedSubData01
